#
# A fatal error has been detected by the Java Runtime Environment:
#
#  SIGSEGV (0xb) at pc=0x00007fff714fac69, pid=3989, tid=77915
#
# JRE version: Java(TM) SE Runtime Environment (8.0_51-b16) (build 1.8.0_51-b16)
# Java VM: Java HotSpot(TM) 64-Bit Server VM (25.51-b03 mixed mode bsd-amd64 compressed oops)
# Problematic frame:
# C  [libsystem_platform.dylib+0x5c69]  _platform_bzero$VARIANT$Haswell+0x29
#
# Failed to write core dump. Core dumps have been disabled. To enable core dumping, try "ulimit -c unlimited" before starting Java again
#
# If you would like to submit a bug report, please visit:
#   http://bugreport.java.com/bugreport/crash.jsp
# The crash happened outside the Java Virtual Machine in native code.
# See problematic frame for where to report the bug.
#

---------------  T H R E A D  ---------------

Current thread (0x00007f9f59272800):  JavaThread "Animation Thread" [_thread_in_native, id=77915, stack(0x000070000723b000,0x000070000733b000)]

siginfo: si_signo: 11 (SIGSEGV), si_code: 1 (SEGV_MAPERR), si_addr: 0x0000000000000000

Registers:
RAX=0x0000000000000000, RBX=0x000000012e6b041c, RCX=0x0000000000009600, RDX=0x0000000000000000
RSP=0x0000700007339a20, RBP=0x0000700007339a20, RSI=0x0000000000000000, RDI=0x0000000000000000
R8 =0x000000000000015f, R9 =0x0000000000000000, R10=0x00007f9f581d0080, R11=0x0000000000000140
R12=0x0000000000000002, R13=0x000000012e6b6018, R14=0x00007f9f581cac18, R15=0x0000000000001400
RIP=0x00007fff714fac69, EFLAGS=0x0000000000010206, ERR=0x0000000000000006
  TRAPNO=0x000000000000000e

Top of Stack: (sp=0x0000700007339a20)
0x0000700007339a20:   0000700007339a70 00000001296406bc
0x0000700007339a30:   00007f9f581d0084 00007f9f581d007c
0x0000700007339a40:   3d7210f91c3b00b5 000000012e6b6018
0x0000700007339a50:   000000012e6b6000 000000012861df20
0x0000700007339a60:   000000012f72fd38 0000000000000001
0x0000700007339a70:   0000700007339b10 0000000129640263
0x0000700007339a80:   00007f9f5c166a20 00007f9f581c2c60
0x0000700007339a90:   000000012f72fd38 0000000000cd9c98
0x0000700007339aa0:   0000000000cd9c98 0000000000000000
0x0000700007339ab0:   3ff0000000000000 00007f9f581c2c60
0x0000700007339ac0:   0001530000015403 00007f9f5758eeb8
0x0000700007339ad0:   000070000733a468 00007f9f581c2630
0x0000700007339ae0:   0000700007339b10 00007f9f5c166a20
0x0000700007339af0:   00007f9f581c2c00 000000012861df20
0x0000700007339b00:   000070000733a468 00007f9f581c2630
0x0000700007339b10:   000070000733a450 000000012936e8ee
0x0000700007339b20:   00007f9f59272800 000000010a8a2073
0x0000700007339b30:   00000003ffffffff 00007f9f581c2d40
0x0000700007339b40:   0000000000000298 0000000000000001
0x0000700007339b50:   00007f9f581d00d8 00007f9f581d0918
0x0000700007339b60:   00007f9f581ca3e0 000070000733a468
0x0000700007339b70:   00007f9f60b611c0 00007f9f581c2c60
0x0000700007339b80:   00007f9f581c2d58 00007f9f5750d540
0x0000700007339b90:   00000001297772c0 0000700007339b98
0x0000700007339ba0:   0000700007339b98 ffffffff00000000
0x0000700007339bb0:   0000000100000000 0000000000000000
0x0000700007339bc0:   0000000000000000 0000000000000000
0x0000700007339bd0:   0000000000000000 0000000000000000
0x0000700007339be0:   0000000000000000 0000000000000000
0x0000700007339bf0:   0000000000000000 0000000795d3a9f0
0x0000700007339c00:   0000000797810cc0 0000000796e03c50
0x0000700007339c10:   0000000740405000 0000000000000000 

Instructions: (pc=0x00007fff714fac69)
0x00007fff714fac49:   f6 0f 57 c0 48 89 f8 48 83 fa 40 72 61 48 81 fa
0x00007fff714fac59:   00 80 00 00 72 11 48 89 d1 48 89 f0 48 89 fa fc
0x00007fff714fac69:   f3 aa 48 89 d0 5d c3 c4 e2 7d 18 c0 c5 fc 11 07
0x00007fff714fac79:   48 83 c7 20 48 83 e7 e0 48 89 f9 48 29 c1 48 29 

Register to memory mapping:

RAX=0x0000000000000000 is an unknown value
RBX=0x000000012e6b041c is an unknown value
RCX=0x0000000000009600 is an unknown value
RDX=0x0000000000000000 is an unknown value
RSP=0x0000700007339a20 is pointing into the stack for thread: 0x00007f9f59272800
RBP=0x0000700007339a20 is pointing into the stack for thread: 0x00007f9f59272800
RSI=0x0000000000000000 is an unknown value
RDI=0x0000000000000000 is an unknown value
R8 =0x000000000000015f is an unknown value
R9 =0x0000000000000000 is an unknown value
R10=0x00007f9f581d0080 is an unknown value
R11=0x0000000000000140 is an unknown value
R12=0x0000000000000002 is an unknown value
R13=0x000000012e6b6018 is an unknown value
R14=0x00007f9f581cac18 is an unknown value
R15=0x0000000000001400 is an unknown value


Stack: [0x000070000723b000,0x000070000733b000],  sp=0x0000700007339a20,  free space=1018k
Native frames: (J=compiled Java code, j=interpreted, Vv=VM code, C=native code)
C  [libsystem_platform.dylib+0x5c69]  _platform_bzero$VARIANT$Haswell+0x29
C  [libNiTE2.dylib+0x2d56bc]  SceneAnalyzer::ShadowAlgo(NACommonData*, Resolution, Array2D<unsigned short>&)+0x4c
C  [libNiTE2.dylib+0x2d5263]  SceneAnalyzer::Update(std::vector<Vector2D<int>, std::allocator<Vector2D<int> > > const*, int)+0xa3
C  [libNiTE2.dylib+0x38ee]  UserTracker::getNextFrame(NiteUserTrackerFrame**)+0xbe
C  [libSimpleOpenNI.jnilib+0x14f79]  nite::UserTracker::readFrame(nite::UserTrackerFrameRef*)+0x29
C  [libSimpleOpenNI.jnilib+0x11433]  sOpenNI::ContextWrapper::updateSub()+0x83
C  [libSimpleOpenNI.jnilib+0x11054]  sOpenNI::ContextWrapper::update()+0x174
j  SimpleOpenNI.SimpleOpenNIJNI.ContextWrapper_updateSwigExplicitContextWrapper(JLSimpleOpenNI/ContextWrapper;)V+0
j  SimpleOpenNI.ContextWrapper.update()V+26
j  SimpleOpenNI.SimpleOpenNI.update()V+1
j  edu.elon.kinect.BodyMovement.draw()V+4
j  processing.core.PApplet.handleDraw()V+231
j  processing.core.PGraphicsJava2D.requestDraw()V+4
j  processing.core.PApplet.run()V+156
j  java.lang.Thread.run()V+11
v  ~StubRoutines::call_stub
V  [libjvm.dylib+0x2e01e2]  JavaCalls::call_helper(JavaValue*, methodHandle*, JavaCallArguments*, Thread*)+0x6ae
V  [libjvm.dylib+0x2e0970]  JavaCalls::call_virtual(JavaValue*, KlassHandle, Symbol*, Symbol*, JavaCallArguments*, Thread*)+0x164
V  [libjvm.dylib+0x2e0b1c]  JavaCalls::call_virtual(JavaValue*, Handle, KlassHandle, Symbol*, Symbol*, Thread*)+0x4a
V  [libjvm.dylib+0x33305d]  thread_entry(JavaThread*, Thread*)+0x7c
V  [libjvm.dylib+0x549a6f]  JavaThread::thread_main_inner()+0x9b
V  [libjvm.dylib+0x54b160]  JavaThread::run()+0x1c2
V  [libjvm.dylib+0x46e99e]  java_start(Thread*)+0xf6
C  [libsystem_pthread.dylib+0x36c1]  _pthread_body+0x154
C  [libsystem_pthread.dylib+0x356d]  _pthread_body+0x0
C  [libsystem_pthread.dylib+0x2c5d]  thread_start+0xd
C  0x0000000000000000

Java frames: (J=compiled Java code, j=interpreted, Vv=VM code)
j  SimpleOpenNI.SimpleOpenNIJNI.ContextWrapper_updateSwigExplicitContextWrapper(JLSimpleOpenNI/ContextWrapper;)V+0
j  SimpleOpenNI.ContextWrapper.update()V+26
j  SimpleOpenNI.SimpleOpenNI.update()V+1
j  edu.elon.kinect.BodyMovement.draw()V+4
j  processing.core.PApplet.handleDraw()V+231
j  processing.core.PGraphicsJava2D.requestDraw()V+4
j  processing.core.PApplet.run()V+156
j  java.lang.Thread.run()V+11
v  ~StubRoutines::call_stub

---------------  P R O C E S S  ---------------

Java Threads: ( => current thread )
  0x00007f9f57a01000 JavaThread "Thread-5" [_thread_blocked, id=53635, stack(0x0000700005bf0000,0x0000700005cf0000)]
  0x00007f9f57baa800 JavaThread "Timer-0" [_thread_blocked, id=74499, stack(0x00007000076d0000,0x00007000077d0000)]
=>0x00007f9f59272800 JavaThread "Animation Thread" [_thread_in_native, id=77915, stack(0x000070000723b000,0x000070000733b000)]
  0x00007f9f5898e800 JavaThread "AWT-EventQueue-1" [_thread_blocked, id=53787, stack(0x000070000733e000,0x000070000743e000)]
  0x00007f9f5891e000 JavaThread "DestroyJavaVM" [_thread_blocked, id=6915, stack(0x0000700005cf6000,0x0000700005df6000)]
  0x00007f9f5817d800 JavaThread "AWT-EventQueue-0" [_thread_blocked, id=52499, stack(0x0000700007138000,0x0000700007238000)]
  0x00007f9f59208800 JavaThread "thread applet-edu.elon.kinect.BodyMovement.class" [_thread_in_native, id=50439, stack(0x0000700006fb2000,0x00007000070b2000)]
  0x00007f9f59216800 JavaThread "Java2D Disposer" daemon [_thread_blocked, id=79887, stack(0x0000700006eaf000,0x0000700006faf000)]
  0x00007f9f579ce000 JavaThread "Java2D Queue Flusher" daemon [_thread_blocked, id=84739, stack(0x0000700006dac000,0x0000700006eac000)]
  0x00007f9f588d2000 JavaThread "AWT-Shutdown" [_thread_blocked, id=25899, stack(0x0000700006b20000,0x0000700006c20000)]
  0x00007f9f59017000 JavaThread "AppKit Thread" daemon [_thread_in_native, id=775, stack(0x00007ffee6147000,0x00007ffee6947000)]
  0x00007f9f58819800 JavaThread "Service Thread" daemon [_thread_blocked, id=14851, stack(0x000070000691a000,0x0000700006a1a000)]
  0x00007f9f5805f800 JavaThread "C1 CompilerThread2" daemon [_thread_blocked, id=14595, stack(0x0000700006817000,0x0000700006917000)]
  0x00007f9f57829800 JavaThread "C2 CompilerThread1" daemon [_thread_blocked, id=14083, stack(0x0000700006714000,0x0000700006814000)]
  0x00007f9f5880a800 JavaThread "C2 CompilerThread0" daemon [_thread_blocked, id=13571, stack(0x0000700006611000,0x0000700006711000)]
  0x00007f9f59009800 JavaThread "Signal Dispatcher" daemon [_thread_blocked, id=18435, stack(0x000070000650e000,0x000070000660e000)]
  0x00007f9f5781a800 JavaThread "Finalizer" daemon [_thread_blocked, id=20739, stack(0x000070000640b000,0x000070000650b000)]
  0x00007f9f59006000 JavaThread "Reference Handler" daemon [_thread_blocked, id=20995, stack(0x0000700006308000,0x0000700006408000)]

Other Threads:
  0x00007f9f5781a000 VMThread [stack: 0x0000700006205000,0x0000700006305000] [id=11779]
  0x00007f9f5881a800 WatcherThread [stack: 0x0000700006a1d000,0x0000700006b1d000] [id=15363]

VM state:not at safepoint (normal execution)

VM Mutex/Monitor currently owned by a thread: None

Heap:
 PSYoungGen      total 38400K, used 31184K [0x0000000795580000, 0x0000000798000000, 0x00000007c0000000)
  eden space 33280K, 78% used [0x0000000795580000,0x0000000796ef9f10,0x0000000797600000)
  from space 5120K, 99% used [0x0000000797600000,0x0000000797afa3a0,0x0000000797b00000)
  to   space 5120K, 0% used [0x0000000797b00000,0x0000000797b00000,0x0000000798000000)
 ParOldGen       total 87552K, used 13669K [0x0000000740000000, 0x0000000745580000, 0x0000000795580000)
  object space 87552K, 15% used [0x0000000740000000,0x0000000740d594a8,0x0000000745580000)
 Metaspace       used 15395K, capacity 15640K, committed 16000K, reserved 1062912K
  class space    used 1714K, capacity 1812K, committed 1920K, reserved 1048576K

Card table byte_map: [0x000000011a2e9000,0x000000011a6ea000] byte_map_base: 0x00000001168e9000

Marking Bits: (ParMarkBitMap*) 0x000000010ac427a0
 Begin Bits: [0x000000011a6ea000, 0x000000011c6ea000)
 End Bits:   [0x000000011c6ea000, 0x000000011e6ea000)

Polling page: 0x0000000109335000

CodeCache: size=245760Kb used=4707Kb max_used=4707Kb free=241052Kb
 bounds [0x000000010b2e9000, 0x000000010b789000, 0x000000011a2e9000]
 total_blobs=1994 nmethods=1416 adapters=491
 compilation: enabled

Compilation events (10 events):
Event: 15.288 Thread 0x00007f9f5805f800 1411       3       java.util.concurrent.locks.ReentrantLock$NonfairSync::tryAcquire (6 bytes)
Event: 15.288 Thread 0x00007f9f5805f800 nmethod 1411 0x000000010b780dd0 code [0x000000010b780f40, 0x000000010b781148]
Event: 15.290 Thread 0x00007f9f5805f800 1412       3       java.awt.EventQueue::cacheEQItem (60 bytes)
Event: 15.291 Thread 0x00007f9f5805f800 nmethod 1412 0x000000010b7811d0 code [0x000000010b781380, 0x000000010b781ae8]
Event: 15.291 Thread 0x00007f9f5805f800 1414       3       java.awt.EventQueue::uncacheEQItem (53 bytes)
Event: 15.291 Thread 0x00007f9f5805f800 nmethod 1414 0x000000010b781d10 code [0x000000010b781ec0, 0x000000010b782588]
Event: 15.291 Thread 0x00007f9f5805f800 1413   !   3       sun.lwawt.LWWindowPeer::getBlocker (43 bytes)
Event: 15.291 Thread 0x00007f9f5805f800 nmethod 1413 0x000000010b782790 code [0x000000010b782920, 0x000000010b782dd0]
Event: 15.291 Thread 0x00007f9f5805f800 1415       3       sun.awt.AWTAccessor::getContainerAccessor (18 bytes)
Event: 15.291 Thread 0x00007f9f5805f800 nmethod 1415 0x000000010b782f50 code [0x000000010b7830c0, 0x000000010b783308]

GC Heap History (2 events):
Event: 3.968 GC heap before
{Heap before GC invocations=1 (full 0):
 PSYoungGen      total 38400K, used 33280K [0x0000000795580000, 0x0000000798000000, 0x00000007c0000000)
  eden space 33280K, 100% used [0x0000000795580000,0x0000000797600000,0x0000000797600000)
  from space 5120K, 0% used [0x0000000797b00000,0x0000000797b00000,0x0000000798000000)
  to   space 5120K, 0% used [0x0000000797600000,0x0000000797600000,0x0000000797b00000)
 ParOldGen       total 87552K, used 0K [0x0000000740000000, 0x0000000745580000, 0x0000000795580000)
  object space 87552K, 0% used [0x0000000740000000,0x0000000740000000,0x0000000745580000)
 Metaspace       used 10856K, capacity 11028K, committed 11136K, reserved 1058816K
  class space    used 1247K, capacity 1312K, committed 1408K, reserved 1048576K
Event: 3.986 GC heap after
Heap after GC invocations=1 (full 0):
 PSYoungGen      total 38400K, used 5096K [0x0000000795580000, 0x0000000798000000, 0x00000007c0000000)
  eden space 33280K, 0% used [0x0000000795580000,0x0000000795580000,0x0000000797600000)
  from space 5120K, 99% used [0x0000000797600000,0x0000000797afa3a0,0x0000000797b00000)
  to   space 5120K, 0% used [0x0000000797b00000,0x0000000797b00000,0x0000000798000000)
 ParOldGen       total 87552K, used 13669K [0x0000000740000000, 0x0000000745580000, 0x0000000795580000)
  object space 87552K, 15% used [0x0000000740000000,0x0000000740d594a8,0x0000000745580000)
 Metaspace       used 10856K, capacity 11028K, committed 11136K, reserved 1058816K
  class space    used 1247K, capacity 1312K, committed 1408K, reserved 1048576K
}

Deoptimization events (6 events):
Event: 2.092 Thread 0x00007f9f580cc800 Uncommon trap: reason=unstable_if action=reinterpret pc=0x000000010b4ce280 method=java.lang.String.toLowerCase(Ljava/util/Locale;)Ljava/lang/String; @ 85
Event: 3.989 Thread 0x00007f9f59272800 Uncommon trap: reason=unstable_if action=reinterpret pc=0x000000010b535734 method=SimpleOpenNI.SimpleOpenNI.setupDepth()V @ 60
Event: 4.429 Thread 0x00007f9f611df000 Uncommon trap: reason=unstable_if action=reinterpret pc=0x000000010b559724 method=java.lang.String.indexOf([CII[CIII)I @ 3
Event: 4.429 Thread 0x00007f9f611df000 Uncommon trap: reason=unstable_if action=reinterpret pc=0x000000010b4c60cc method=java.lang.String.indexOf([CII[CIII)I @ 3
Event: 4.590 Thread 0x00007f9f611df000 Uncommon trap: reason=unstable_if action=reinterpret pc=0x000000010b5b80ac method=java.io.ByteArrayInputStream.read()I @ 8
Event: 12.416 Thread 0x00007f9f57ff6000 Uncommon trap: reason=unstable_if action=reinterpret pc=0x000000010b439bd0 method=java.lang.AbstractStringBuilder.append(Ljava/lang/String;)Ljava/lang/AbstractStringBuilder; @ 1

Internal exceptions (10 events):
Event: 0.425 Thread 0x00007f9f58007000 Exception <a 'java/io/FileNotFoundException'> (0x000000079579f638) thrown at [/Users/java_re/workspace/8-2-build-macosx-x86_64/jdk8u51/3951/hotspot/src/share/vm/prims/jni.cpp, line 709]
Event: 0.536 Thread 0x00007f9f58007000 Exception <a 'java/lang/NoSuchFieldError': method resolution failed> (0x0000000795a79c48) thrown at [/Users/java_re/workspace/8-2-build-macosx-x86_64/jdk8u51/3951/hotspot/src/share/vm/prims/methodHandles.cpp, line 1125]
Event: 0.538 Thread 0x00007f9f58007000 Exception <a 'java/lang/NoSuchFieldError': method resolution failed> (0x0000000795a88628) thrown at [/Users/java_re/workspace/8-2-build-macosx-x86_64/jdk8u51/3951/hotspot/src/share/vm/prims/methodHandles.cpp, line 1125]
Event: 0.641 Thread 0x00007f9f58007000 Exception <a 'java/io/FileNotFoundException'> (0x0000000795c057e8) thrown at [/Users/java_re/workspace/8-2-build-macosx-x86_64/jdk8u51/3951/hotspot/src/share/vm/prims/jni.cpp, line 709]
Event: 3.987 Thread 0x00007f9f5781a800 Exception <a 'java/lang/NullPointerException'> (0x0000000795676460) thrown at [/Users/java_re/workspace/8-2-build-macosx-x86_64/jdk8u51/3951/hotspot/src/share/vm/interpreter/linkResolver.cpp, line 1178]
Event: 4.422 Thread 0x00007f9f611df000 Exception <a 'java/net/SocketException'> (0x0000000795d0acd0) thrown at [/Users/java_re/workspace/8-2-build-macosx-x86_64/jdk8u51/3951/hotspot/src/share/vm/prims/jni.cpp, line 709]
Event: 5.084 Thread 0x00007f9f611df000 Exception <a 'java/lang/ClassNotFoundException': sun/net/www/content/application/json> (0x0000000796c83918) thrown at [/Users/java_re/workspace/8-2-build-macosx-x86_64/jdk8u51/3951/hotspot/src/share/vm/classfile/systemDictionary.cpp, line 210]
Event: 12.415 Thread 0x00007f9f57ff6000 Exception <a 'java/net/SocketTimeoutException': connect timed out> (0x0000000795dc24b0) thrown at [/Users/java_re/workspace/8-2-build-macosx-x86_64/jdk8u51/3951/hotspot/src/share/vm/prims/jni.cpp, line 735]
Event: 12.415 Thread 0x00007f9f57ff6000 Exception <a 'java/security/PrivilegedActionException'> (0x0000000795dc2668) thrown at [/Users/java_re/workspace/8-2-build-macosx-x86_64/jdk8u51/3951/hotspot/src/share/vm/prims/jvm.cpp, line 1382]
Event: 12.415 Thread 0x00007f9f57ff6000 Implicit null exception at 0x000000010b439835 to 0x000000010b439bbd

Events (10 events):
Event: 12.416 Thread 0x00007f9f57ff6000 Thread exited: 0x00007f9f57ff6000
Event: 15.670 loading class sun/applet/AppletViewer$3
Event: 15.670 loading class sun/applet/AppletViewer$3 done
Event: 15.670 Thread 0x00007f9f57a01000 Thread added: 0x00007f9f57a01000
Event: 15.670 loading class sun/applet/AppletPanel$4
Event: 15.670 loading class sun/applet/AppletPanel$4 done
Event: 15.671 loading class java/awt/KeyboardFocusManager$2
Event: 15.671 loading class java/awt/KeyboardFocusManager$2 done
Event: 15.671 loading class sun/awt/SunToolkit$1
Event: 15.671 loading class sun/awt/SunToolkit$1 done


Dynamic libraries:
0x0000000021f39000 	/System/Library/Frameworks/Cocoa.framework/Versions/A/Cocoa
0x0000000021f39000 	/System/Library/Frameworks/Security.framework/Versions/A/Security
0x0000000021f39000 	/System/Library/Frameworks/ApplicationServices.framework/Versions/A/ApplicationServices
0x0000000021f39000 	/usr/lib/libz.1.dylib
0x0000000021f39000 	/usr/lib/libSystem.B.dylib
0x0000000021f39000 	/usr/lib/libobjc.A.dylib
0x0000000021f39000 	/System/Library/Frameworks/CoreFoundation.framework/Versions/A/CoreFoundation
0x0000000021f39000 	/System/Library/Frameworks/Foundation.framework/Versions/C/Foundation
0x0000000021f39000 	/System/Library/Frameworks/AppKit.framework/Versions/C/AppKit
0x0000000021f39000 	/System/Library/Frameworks/CoreData.framework/Versions/A/CoreData
0x0000000021f39000 	/System/Library/PrivateFrameworks/RemoteViewServices.framework/Versions/A/RemoteViewServices
0x0000000021f39000 	/System/Library/PrivateFrameworks/UIFoundation.framework/Versions/A/UIFoundation
0x0000000021f39000 	/System/Library/PrivateFrameworks/DFRFoundation.framework/Versions/A/DFRFoundation
0x0000000021f39000 	/System/Library/Frameworks/Metal.framework/Versions/A/Metal
0x0000000021f39000 	/System/Library/PrivateFrameworks/DesktopServicesPriv.framework/Versions/A/DesktopServicesPriv
0x0000000021f39000 	/usr/lib/libenergytrace.dylib
0x0000000021f39000 	/System/Library/PrivateFrameworks/SkyLight.framework/Versions/A/SkyLight
0x0000000021f39000 	/System/Library/Frameworks/CoreGraphics.framework/Versions/A/CoreGraphics
0x0000000021f39000 	/usr/lib/libScreenReader.dylib
0x0000000021f39000 	/System/Library/Frameworks/Accelerate.framework/Versions/A/Accelerate
0x0000000021f39000 	/System/Library/Frameworks/IOSurface.framework/Versions/A/IOSurface
0x0000000021f39000 	/System/Library/Frameworks/AudioToolbox.framework/Versions/A/AudioToolbox
0x0000000021f39000 	/System/Library/Frameworks/AudioUnit.framework/Versions/A/AudioUnit
0x0000000021f39000 	/System/Library/PrivateFrameworks/DataDetectorsCore.framework/Versions/A/DataDetectorsCore
0x0000000021f39000 	/System/Library/Frameworks/Carbon.framework/Versions/A/Frameworks/HIToolbox.framework/Versions/A/HIToolbox
0x0000000021f39000 	/usr/lib/libicucore.A.dylib
0x0000000021f39000 	/System/Library/Frameworks/QuartzCore.framework/Versions/A/QuartzCore
0x0000000021f39000 	/System/Library/Frameworks/Carbon.framework/Versions/A/Frameworks/SpeechRecognition.framework/Versions/A/SpeechRecognition
0x0000000021f39000 	/usr/lib/libauto.dylib
0x0000000021f39000 	/usr/lib/libxml2.2.dylib
0x0000000021f39000 	/System/Library/PrivateFrameworks/CoreUI.framework/Versions/A/CoreUI
0x0000000021f39000 	/System/Library/Frameworks/CoreAudio.framework/Versions/A/CoreAudio
0x0000000021f39000 	/System/Library/Frameworks/DiskArbitration.framework/Versions/A/DiskArbitration
0x0000000021f39000 	/usr/lib/liblangid.dylib
0x0000000021f39000 	/System/Library/PrivateFrameworks/MultitouchSupport.framework/Versions/A/MultitouchSupport
0x0000000021f39000 	/System/Library/Frameworks/IOKit.framework/Versions/A/IOKit
0x0000000021f39000 	/usr/lib/libDiagnosticMessagesClient.dylib
0x0000000021f39000 	/System/Library/Frameworks/CoreServices.framework/Versions/A/CoreServices
0x0000000021f39000 	/System/Library/PrivateFrameworks/PerformanceAnalysis.framework/Versions/A/PerformanceAnalysis
0x0000000021f39000 	/System/Library/Frameworks/OpenGL.framework/Versions/A/OpenGL
0x0000000021f39000 	/System/Library/Frameworks/ColorSync.framework/Versions/A/ColorSync
0x0000000021f39000 	/System/Library/Frameworks/CoreImage.framework/Versions/A/CoreImage
0x0000000021f39000 	/System/Library/Frameworks/CoreText.framework/Versions/A/CoreText
0x0000000021f39000 	/System/Library/Frameworks/ImageIO.framework/Versions/A/ImageIO
0x0000000021f39000 	/System/Library/PrivateFrameworks/Backup.framework/Versions/A/Backup
0x0000000021f39000 	/usr/lib/libarchive.2.dylib
0x0000000021f39000 	/System/Library/Frameworks/CFNetwork.framework/Versions/A/CFNetwork
0x0000000021f39000 	/System/Library/Frameworks/SystemConfiguration.framework/Versions/A/SystemConfiguration
0x0000000021f39000 	/usr/lib/libCRFSuite.dylib
0x0000000021f39000 	/usr/lib/libc++.1.dylib
0x0000000021f39000 	/usr/lib/libc++abi.dylib
0x0000000021f39000 	/usr/lib/system/libcache.dylib
0x0000000021f39000 	/usr/lib/system/libcommonCrypto.dylib
0x0000000021f39000 	/usr/lib/system/libcompiler_rt.dylib
0x0000000021f39000 	/usr/lib/system/libcopyfile.dylib
0x0000000021f39000 	/usr/lib/system/libcorecrypto.dylib
0x0000000021f39000 	/usr/lib/system/libdispatch.dylib
0x0000000021f39000 	/usr/lib/system/libdyld.dylib
0x0000000021f39000 	/usr/lib/system/libkeymgr.dylib
0x0000000021f39000 	/usr/lib/system/liblaunch.dylib
0x0000000021f39000 	/usr/lib/system/libmacho.dylib
0x0000000021f39000 	/usr/lib/system/libquarantine.dylib
0x0000000021f39000 	/usr/lib/system/libremovefile.dylib
0x0000000021f39000 	/usr/lib/system/libsystem_asl.dylib
0x0000000021f39000 	/usr/lib/system/libsystem_blocks.dylib
0x0000000021f39000 	/usr/lib/system/libsystem_c.dylib
0x0000000021f39000 	/usr/lib/system/libsystem_configuration.dylib
0x0000000021f39000 	/usr/lib/system/libsystem_coreservices.dylib
0x0000000021f39000 	/usr/lib/system/libsystem_darwin.dylib
0x0000000021f39000 	/usr/lib/system/libsystem_dnssd.dylib
0x0000000021f39000 	/usr/lib/system/libsystem_info.dylib
0x0000000021f39000 	/usr/lib/system/libsystem_m.dylib
0x0000000021f39000 	/usr/lib/system/libsystem_malloc.dylib
0x0000000021f39000 	/usr/lib/system/libsystem_network.dylib
0x0000000021f39000 	/usr/lib/system/libsystem_networkextension.dylib
0x0000000021f39000 	/usr/lib/system/libsystem_notify.dylib
0x0000000021f39000 	/usr/lib/system/libsystem_sandbox.dylib
0x0000000021f39000 	/usr/lib/system/libsystem_secinit.dylib
0x0000000021f39000 	/usr/lib/system/libsystem_kernel.dylib
0x0000000021f39000 	/usr/lib/system/libsystem_platform.dylib
0x0000000021f39000 	/usr/lib/system/libsystem_pthread.dylib
0x0000000021f39000 	/usr/lib/system/libsystem_symptoms.dylib
0x0000000021f39000 	/usr/lib/system/libsystem_trace.dylib
0x0000000021f39000 	/usr/lib/system/libunwind.dylib
0x0000000021f39000 	/usr/lib/system/libxpc.dylib
0x0000000021f39000 	/usr/lib/closure/libclosured.dylib
0x0000000021f39000 	/usr/lib/libbsm.0.dylib
0x0000000021f39000 	/usr/lib/system/libkxld.dylib
0x0000000021f39000 	/usr/lib/libOpenScriptingUtil.dylib
0x0000000021f39000 	/usr/lib/libcoretls.dylib
0x0000000021f39000 	/usr/lib/libcoretls_cfhelpers.dylib
0x0000000021f39000 	/usr/lib/libpam.2.dylib
0x0000000021f39000 	/usr/lib/libsqlite3.dylib
0x0000000021f39000 	/usr/lib/libxar.1.dylib
0x0000000021f39000 	/usr/lib/libbz2.1.0.dylib
0x0000000021f39000 	/usr/lib/liblzma.5.dylib
0x0000000021f39000 	/usr/lib/libnetwork.dylib
0x0000000021f39000 	/usr/lib/libapple_nghttp2.dylib
0x0000000021f39000 	/usr/lib/libpcap.A.dylib
0x0000000021f39000 	/usr/lib/libboringssl.dylib
0x0000000021f39000 	/usr/lib/libusrtcp.dylib
0x0000000021f39000 	/usr/lib/libapple_crypto.dylib
0x0000000021f39000 	/System/Library/Frameworks/CoreServices.framework/Versions/A/Frameworks/FSEvents.framework/Versions/A/FSEvents
0x0000000021f39000 	/System/Library/Frameworks/CoreServices.framework/Versions/A/Frameworks/CarbonCore.framework/Versions/A/CarbonCore
0x0000000021f39000 	/System/Library/Frameworks/CoreServices.framework/Versions/A/Frameworks/Metadata.framework/Versions/A/Metadata
0x0000000021f39000 	/System/Library/Frameworks/CoreServices.framework/Versions/A/Frameworks/OSServices.framework/Versions/A/OSServices
0x0000000021f39000 	/System/Library/Frameworks/CoreServices.framework/Versions/A/Frameworks/SearchKit.framework/Versions/A/SearchKit
0x0000000021f39000 	/System/Library/Frameworks/CoreServices.framework/Versions/A/Frameworks/AE.framework/Versions/A/AE
0x0000000021f39000 	/System/Library/Frameworks/CoreServices.framework/Versions/A/Frameworks/LaunchServices.framework/Versions/A/LaunchServices
0x0000000021f39000 	/System/Library/Frameworks/CoreServices.framework/Versions/A/Frameworks/DictionaryServices.framework/Versions/A/DictionaryServices
0x0000000021f39000 	/System/Library/Frameworks/CoreServices.framework/Versions/A/Frameworks/SharedFileList.framework/Versions/A/SharedFileList
0x0000000021f39000 	/System/Library/Frameworks/NetFS.framework/Versions/A/NetFS
0x0000000021f39000 	/System/Library/PrivateFrameworks/NetAuth.framework/Versions/A/NetAuth
0x0000000021f39000 	/System/Library/PrivateFrameworks/login.framework/Versions/A/Frameworks/loginsupport.framework/Versions/A/loginsupport
0x0000000021f39000 	/System/Library/PrivateFrameworks/TCC.framework/Versions/A/TCC
0x0000000021f39000 	/usr/lib/libmecabra.dylib
0x0000000021f39000 	/System/Library/Frameworks/ApplicationServices.framework/Versions/A/Frameworks/ATS.framework/Versions/A/ATS
0x0000000021f39000 	/System/Library/Frameworks/ApplicationServices.framework/Versions/A/Frameworks/ColorSyncLegacy.framework/Versions/A/ColorSyncLegacy
0x0000000021f39000 	/System/Library/Frameworks/ApplicationServices.framework/Versions/A/Frameworks/HIServices.framework/Versions/A/HIServices
0x0000000021f39000 	/System/Library/Frameworks/ApplicationServices.framework/Versions/A/Frameworks/LangAnalysis.framework/Versions/A/LangAnalysis
0x0000000021f39000 	/System/Library/Frameworks/ApplicationServices.framework/Versions/A/Frameworks/PrintCore.framework/Versions/A/PrintCore
0x0000000021f39000 	/System/Library/Frameworks/ApplicationServices.framework/Versions/A/Frameworks/QD.framework/Versions/A/QD
0x0000000021f39000 	/System/Library/Frameworks/ApplicationServices.framework/Versions/A/Frameworks/SpeechSynthesis.framework/Versions/A/SpeechSynthesis
0x0000000021f39000 	/System/Library/Frameworks/CoreDisplay.framework/Versions/A/CoreDisplay
0x0000000021f39000 	/System/Library/Frameworks/Accelerate.framework/Versions/A/Frameworks/vImage.framework/Versions/A/vImage
0x0000000021f39000 	/System/Library/Frameworks/Accelerate.framework/Versions/A/Frameworks/vecLib.framework/Versions/A/vecLib
0x0000000021f39000 	/System/Library/Frameworks/Accelerate.framework/Versions/A/Frameworks/vecLib.framework/Versions/A/libvDSP.dylib
0x0000000021f39000 	/System/Library/Frameworks/Accelerate.framework/Versions/A/Frameworks/vecLib.framework/Versions/A/libBNNS.dylib
0x0000000021f39000 	/System/Library/Frameworks/Accelerate.framework/Versions/A/Frameworks/vecLib.framework/Versions/A/libQuadrature.dylib
0x0000000021f39000 	/System/Library/Frameworks/Accelerate.framework/Versions/A/Frameworks/vecLib.framework/Versions/A/libvMisc.dylib
0x0000000021f39000 	/System/Library/Frameworks/Accelerate.framework/Versions/A/Frameworks/vecLib.framework/Versions/A/libLAPACK.dylib
0x0000000021f39000 	/System/Library/Frameworks/Accelerate.framework/Versions/A/Frameworks/vecLib.framework/Versions/A/libBLAS.dylib
0x0000000021f39000 	/System/Library/Frameworks/Accelerate.framework/Versions/A/Frameworks/vecLib.framework/Versions/A/libLinearAlgebra.dylib
0x0000000021f39000 	/System/Library/Frameworks/Accelerate.framework/Versions/A/Frameworks/vecLib.framework/Versions/A/libSparse.dylib
0x0000000021f39000 	/System/Library/Frameworks/Accelerate.framework/Versions/A/Frameworks/vecLib.framework/Versions/A/libSparseBLAS.dylib
0x0000000021f39000 	/System/Library/PrivateFrameworks/IOAccelerator.framework/Versions/A/IOAccelerator
0x0000000021f39000 	/System/Library/PrivateFrameworks/IOPresentment.framework/Versions/A/IOPresentment
0x0000000021f39000 	/System/Library/PrivateFrameworks/DSExternalDisplay.framework/Versions/A/DSExternalDisplay
0x0000000021f39000 	/System/Library/Frameworks/OpenGL.framework/Versions/A/Libraries/libCoreFSCache.dylib
0x0000000021f39000 	/System/Library/Frameworks/CoreVideo.framework/Versions/A/CoreVideo
0x0000000021f39000 	/System/Library/PrivateFrameworks/GraphVisualizer.framework/Versions/A/GraphVisualizer
0x0000000021f39000 	/System/Library/Frameworks/MetalPerformanceShaders.framework/Versions/A/MetalPerformanceShaders
0x0000000021f39000 	/usr/lib/libFosl_dynamic.dylib
0x0000000021f39000 	/System/Library/PrivateFrameworks/FaceCore.framework/Versions/A/FaceCore
0x0000000021f39000 	/System/Library/Frameworks/OpenCL.framework/Versions/A/OpenCL
0x0000000021f39000 	/usr/lib/libcompression.dylib
0x0000000021f39000 	/System/Library/Frameworks/ApplicationServices.framework/Versions/A/Frameworks/ATS.framework/Versions/A/Resources/libFontParser.dylib
0x0000000021f39000 	/System/Library/Frameworks/ApplicationServices.framework/Versions/A/Frameworks/ATS.framework/Versions/A/Resources/libFontRegistry.dylib
0x0000000021f39000 	/System/Library/Frameworks/ImageIO.framework/Versions/A/Resources/libJPEG.dylib
0x0000000021f39000 	/System/Library/Frameworks/ImageIO.framework/Versions/A/Resources/libTIFF.dylib
0x0000000021f39000 	/System/Library/Frameworks/ImageIO.framework/Versions/A/Resources/libPng.dylib
0x0000000021f39000 	/System/Library/Frameworks/ImageIO.framework/Versions/A/Resources/libGIF.dylib
0x0000000021f39000 	/System/Library/Frameworks/ImageIO.framework/Versions/A/Resources/libJP2.dylib
0x0000000021f39000 	/System/Library/Frameworks/ImageIO.framework/Versions/A/Resources/libRadiance.dylib
0x0000000021f39000 	/System/Library/PrivateFrameworks/AppleJPEG.framework/Versions/A/AppleJPEG
0x0000000021f39000 	/System/Library/PrivateFrameworks/MetalTools.framework/Versions/A/MetalTools
0x0000000021f39000 	/System/Library/Frameworks/MetalPerformanceShaders.framework/Frameworks/MPSCore.framework/Versions/A/MPSCore
0x0000000021f39000 	/System/Library/Frameworks/MetalPerformanceShaders.framework/Frameworks/MPSImage.framework/Versions/A/MPSImage
0x0000000021f39000 	/System/Library/Frameworks/MetalPerformanceShaders.framework/Frameworks/MPSMatrix.framework/Versions/A/MPSMatrix
0x0000000021f39000 	/System/Library/Frameworks/MetalPerformanceShaders.framework/Frameworks/MPSNeuralNetwork.framework/Versions/A/MPSNeuralNetwork
0x0000000021f39000 	/System/Library/Frameworks/OpenGL.framework/Versions/A/Libraries/libGLU.dylib
0x0000000021f39000 	/System/Library/Frameworks/OpenGL.framework/Versions/A/Libraries/libGFXShared.dylib
0x0000000021f39000 	/System/Library/Frameworks/OpenGL.framework/Versions/A/Libraries/libGL.dylib
0x0000000021f39000 	/System/Library/Frameworks/OpenGL.framework/Versions/A/Libraries/libGLImage.dylib
0x0000000021f39000 	/System/Library/Frameworks/OpenGL.framework/Versions/A/Libraries/libCVMSPluginSupport.dylib
0x0000000021f39000 	/System/Library/Frameworks/OpenGL.framework/Versions/A/Libraries/libCoreVMClient.dylib
0x0000000021f39000 	/usr/lib/libcups.2.dylib
0x0000000021f39000 	/System/Library/Frameworks/Kerberos.framework/Versions/A/Kerberos
0x0000000021f39000 	/System/Library/Frameworks/GSS.framework/Versions/A/GSS
0x0000000021f39000 	/usr/lib/libresolv.9.dylib
0x0000000021f39000 	/usr/lib/libiconv.2.dylib
0x0000000021f39000 	/System/Library/PrivateFrameworks/Heimdal.framework/Versions/A/Heimdal
0x0000000021f39000 	/usr/lib/libheimdal-asn1.dylib
0x0000000021f39000 	/System/Library/Frameworks/OpenDirectory.framework/Versions/A/OpenDirectory
0x0000000021f39000 	/System/Library/PrivateFrameworks/CommonAuth.framework/Versions/A/CommonAuth
0x0000000021f39000 	/System/Library/Frameworks/OpenDirectory.framework/Versions/A/Frameworks/CFOpenDirectory.framework/Versions/A/CFOpenDirectory
0x0000000021f39000 	/System/Library/Frameworks/SecurityFoundation.framework/Versions/A/SecurityFoundation
0x0000000021f39000 	/System/Library/PrivateFrameworks/APFS.framework/Versions/A/APFS
0x0000000021f39000 	/usr/lib/libutil.dylib
0x0000000021f39000 	/System/Library/PrivateFrameworks/AppleSauce.framework/Versions/A/AppleSauce
0x0000000021f39000 	/System/Library/PrivateFrameworks/LinguisticData.framework/Versions/A/LinguisticData
0x0000000021f39000 	/usr/lib/libmarisa.dylib
0x0000000021f39000 	/System/Library/PrivateFrameworks/Lexicon.framework/Versions/A/Lexicon
0x0000000021f39000 	/usr/lib/libChineseTokenizer.dylib
0x0000000021f39000 	/usr/lib/libcmph.dylib
0x0000000021f39000 	/System/Library/PrivateFrameworks/LanguageModeling.framework/Versions/A/LanguageModeling
0x0000000021f39000 	/System/Library/PrivateFrameworks/CoreEmoji.framework/Versions/A/CoreEmoji
0x0000000021f39000 	/System/Library/Frameworks/ServiceManagement.framework/Versions/A/ServiceManagement
0x0000000021f39000 	/System/Library/PrivateFrameworks/BackgroundTaskManagement.framework/Versions/A/BackgroundTaskManagement
0x0000000021f39000 	/usr/lib/libxslt.1.dylib
0x0000000021f39000 	/System/Library/Frameworks/Carbon.framework/Versions/A/Frameworks/Ink.framework/Versions/A/Ink
0x0000000021f39000 	/System/Library/PrivateFrameworks/TextureIO.framework/Versions/A/TextureIO
0x0000000021f39000 	/usr/lib/libate.dylib
0x0000000021f39000 	/System/Library/PrivateFrameworks/CrashReporterSupport.framework/Versions/A/CrashReporterSupport
0x0000000021f39000 	/System/Library/PrivateFrameworks/Sharing.framework/Versions/A/Sharing
0x0000000021f39000 	/System/Library/PrivateFrameworks/IconServices.framework/Versions/A/IconServices
0x0000000021f39000 	/System/Library/PrivateFrameworks/ProtocolBuffer.framework/Versions/A/ProtocolBuffer
0x0000000021f39000 	/System/Library/PrivateFrameworks/Apple80211.framework/Versions/A/Apple80211
0x0000000021f39000 	/System/Library/Frameworks/CoreWLAN.framework/Versions/A/CoreWLAN
0x0000000021f39000 	/System/Library/PrivateFrameworks/CoreUtils.framework/Versions/A/CoreUtils
0x0000000021f39000 	/System/Library/Frameworks/IOBluetooth.framework/Versions/A/IOBluetooth
0x0000000021f39000 	/System/Library/PrivateFrameworks/CoreWiFi.framework/Versions/A/CoreWiFi
0x0000000021f39000 	/System/Library/Frameworks/CoreBluetooth.framework/Versions/A/CoreBluetooth
0x0000000021f39000 	/System/Library/PrivateFrameworks/SignpostNotification.framework/Versions/A/SignpostNotification
0x0000000021f39000 	/System/Library/PrivateFrameworks/DebugSymbols.framework/Versions/A/DebugSymbols
0x0000000021f39000 	/System/Library/PrivateFrameworks/CoreSymbolication.framework/Versions/A/CoreSymbolication
0x0000000021f39000 	/System/Library/PrivateFrameworks/Symbolication.framework/Versions/A/Symbolication
0x0000000021f39000 	/System/Library/PrivateFrameworks/AppleFSCompression.framework/Versions/A/AppleFSCompression
0x0000000021f39000 	/System/Library/PrivateFrameworks/SpeechRecognitionCore.framework/Versions/A/SpeechRecognitionCore
0x000000010a380000 	/Library/Java/JavaVirtualMachines/jdk1.8.0_51.jdk/Contents/Home/jre/lib/server/libjvm.dylib
0x0000000021f39000 	/usr/lib/libstdc++.6.0.9.dylib
0x00000001092f2000 	/Library/Java/JavaVirtualMachines/jdk1.8.0_51.jdk/Contents/Home/jre/lib/libverify.dylib
0x0000000109300000 	/Library/Java/JavaVirtualMachines/jdk1.8.0_51.jdk/Contents/Home/jre/lib/libjava.dylib
0x000000010937f000 	/Library/Java/JavaVirtualMachines/jdk1.8.0_51.jdk/Contents/Home/jre/lib/libzip.dylib
0x0000000021f39000 	/System/Library/Frameworks/JavaVM.framework/Versions/A/Frameworks/JavaRuntimeSupport.framework/Versions/A/JavaRuntimeSupport
0x0000000021f39000 	/System/Library/Frameworks/JavaVM.framework/Versions/A/Frameworks/JavaNativeFoundation.framework/Versions/A/JavaNativeFoundation
0x0000000021f39000 	/System/Library/Frameworks/JavaVM.framework/Versions/A/JavaVM
0x0000000021f39000 	/System/Library/Frameworks/Carbon.framework/Versions/A/Carbon
0x0000000021f39000 	/System/Library/PrivateFrameworks/JavaLaunching.framework/Versions/A/JavaLaunching
0x0000000021f39000 	/System/Library/Frameworks/Carbon.framework/Versions/A/Frameworks/CommonPanels.framework/Versions/A/CommonPanels
0x0000000021f39000 	/System/Library/Frameworks/Carbon.framework/Versions/A/Frameworks/Help.framework/Versions/A/Help
0x0000000021f39000 	/System/Library/Frameworks/Carbon.framework/Versions/A/Frameworks/ImageCapture.framework/Versions/A/ImageCapture
0x0000000021f39000 	/System/Library/Frameworks/Carbon.framework/Versions/A/Frameworks/OpenScripting.framework/Versions/A/OpenScripting
0x0000000021f39000 	/System/Library/Frameworks/Carbon.framework/Versions/A/Frameworks/Print.framework/Versions/A/Print
0x0000000021f39000 	/System/Library/Frameworks/Carbon.framework/Versions/A/Frameworks/SecurityHI.framework/Versions/A/SecurityHI
0x0000000121e9d000 	/Library/Java/JavaVirtualMachines/jdk1.8.0_51.jdk/Contents/Home/jre/lib/libawt.dylib
0x0000000121f45000 	/Library/Java/JavaVirtualMachines/jdk1.8.0_51.jdk/Contents/Home/jre/lib/./libmlib_image.dylib
0x0000000122011000 	/Library/Java/JavaVirtualMachines/jdk1.8.0_51.jdk/Contents/Home/jre/lib/libawt_lwawt.dylib
0x00000001220c5000 	/Library/Java/JavaVirtualMachines/jdk1.8.0_51.jdk/Contents/Home/jre/lib/./libosxapp.dylib
0x0000000021f39000 	/System/Library/Frameworks/ExceptionHandling.framework/Versions/A/ExceptionHandling
0x0000000021f39000 	/System/Library/PrivateFrameworks/CoreServicesInternal.framework/Versions/A/CoreServicesInternal
0x0000000021f39000 	/System/Library/CoreServices/RawCamera.bundle/Contents/MacOS/RawCamera
0x0000000021f39000 	/System/Library/PrivateFrameworks/MobileAsset.framework/Versions/A/MobileAsset
0x0000000021f39000 	/System/Library/PrivateFrameworks/StreamingZip.framework/Versions/A/StreamingZip
0x0000000021f39000 	/System/Library/Frameworks/MediaToolbox.framework/Versions/A/MediaToolbox
0x0000000021f39000 	/System/Library/PrivateFrameworks/CoreAVCHD.framework/Versions/A/CoreAVCHD
0x0000000021f39000 	/System/Library/Frameworks/MediaAccessibility.framework/Versions/A/MediaAccessibility
0x0000000021f39000 	/System/Library/PrivateFrameworks/Mangrove.framework/Versions/A/Mangrove
0x0000000021f39000 	/System/Library/Frameworks/CoreMedia.framework/Versions/A/CoreMedia
0x0000000021f39000 	/System/Library/Frameworks/VideoToolbox.framework/Versions/A/VideoToolbox
0x0000000021f39000 	/System/Library/PrivateFrameworks/CoreAUC.framework/Versions/A/CoreAUC
0x0000000021f39000 	/usr/lib/libspindump.dylib
0x0000000021f39000 	/usr/lib/libdscsym.dylib
0x0000000021f39000 	/System/Library/PrivateFrameworks/AppleVA.framework/Versions/A/AppleVA
0x0000000021f39000 	/System/Library/Frameworks/Accelerate.framework/Versions/A/Frameworks/vImage.framework/Versions/A/Libraries/libCGInterfaces.dylib
0x0000000021f39000 	/System/Library/Frameworks/ApplicationServices.framework/Versions/A/Frameworks/ATS.framework/Versions/A/Resources/libTrueTypeScaler.dylib
0x0000000021f39000 	/System/Library/Frameworks/OpenGL.framework/Versions/A/Resources/GLEngine.bundle/GLEngine
0x0000000021f39000 	/System/Library/Frameworks/OpenGL.framework/Versions/A/Libraries/libGLProgrammability.dylib
0x000000012439c000 	/System/Library/Extensions/AppleIntelHD5000GraphicsGLDriver.bundle/Contents/MacOS/AppleIntelHD5000GraphicsGLDriver
0x0000000021f39000 	/System/Library/PrivateFrameworks/GPUSupport.framework/Versions/A/Libraries/libGPUSupportMercury.dylib
0x0000000021f39000 	/System/Library/Frameworks/OpenGL.framework/Versions/A/Resources/GLRendererFloat.bundle/GLRendererFloat
0x0000000021f39000 	/System/Library/Frameworks/OpenCL.framework/Versions/A/Libraries/libcldcpuengine.dylib
0x0000000021f39000 	/usr/lib/libcrypto.35.dylib
0x0000000021f39000 	/System/Library/PrivateFrameworks/TrustEvaluationAgent.framework/Versions/A/TrustEvaluationAgent
0x0000000021f39000 	/System/Library/Extensions/AppleIntelHD5000GraphicsMTLDriver.bundle/Contents/MacOS/AppleIntelHD5000GraphicsMTLDriver
0x0000000021f39000 	/System/Library/PrivateFrameworks/GPUCompiler.framework/Versions/3802/Libraries/libmetal_timestamp.dylib
0x0000000021f39000 	/System/Library/PrivateFrameworks/FamilyControls.framework/Versions/A/FamilyControls
0x0000000021f39000 	/System/Library/PrivateFrameworks/CommerceKit.framework/Versions/A/Frameworks/CommerceCore.framework/Versions/A/CommerceCore
0x0000000021f39000 	/System/Library/PrivateFrameworks/SystemAdministration.framework/Versions/A/SystemAdministration
0x0000000021f39000 	/System/Library/PrivateFrameworks/AppContainer.framework/Versions/A/AppContainer
0x0000000021f39000 	/System/Library/PrivateFrameworks/SecCodeWrapper.framework/Versions/A/SecCodeWrapper
0x0000000021f39000 	/System/Library/PrivateFrameworks/DiskManagement.framework/Versions/A/DiskManagement
0x0000000021f39000 	/System/Library/Frameworks/DirectoryService.framework/Versions/A/DirectoryService
0x0000000021f39000 	/System/Library/PrivateFrameworks/DiskImages.framework/Versions/A/DiskImages
0x0000000021f39000 	/System/Library/PrivateFrameworks/LoginUIKit.framework/Versions/A/Frameworks/LoginUICore.framework/Versions/A/LoginUICore
0x0000000021f39000 	/usr/lib/libCoreStorage.dylib
0x0000000021f39000 	/usr/lib/libcsfde.dylib
0x0000000021f39000 	/usr/lib/libodfde.dylib
0x0000000021f39000 	/System/Library/PrivateFrameworks/MediaKit.framework/Versions/A/MediaKit
0x0000000021f39000 	/System/Library/Frameworks/DiscRecording.framework/Versions/A/DiscRecording
0x0000000021f39000 	/System/Library/PrivateFrameworks/EFILogin.framework/Versions/A/EFILogin
0x0000000021f39000 	/System/Library/PrivateFrameworks/ProtectedCloudStorage.framework/Versions/A/ProtectedCloudStorage
0x0000000021f39000 	/usr/lib/libcurl.4.dylib
0x0000000021f39000 	/usr/lib/libssl.35.dylib
0x0000000021f39000 	/System/Library/Frameworks/LDAP.framework/Versions/A/LDAP
0x0000000021f39000 	/usr/lib/libsasl2.2.dylib
0x0000000021f39000 	/System/Library/PrivateFrameworks/CoreDaemon.framework/Versions/B/CoreDaemon
0x0000000021f39000 	/System/Library/PrivateFrameworks/AppleSRP.framework/Versions/A/AppleSRP
0x00000001256d7000 	/Library/Java/JavaVirtualMachines/jdk1.8.0_51.jdk/Contents/Home/jre/lib/libfontmanager.dylib
0x0000000126d67000 	/Library/Java/JavaVirtualMachines/jdk1.8.0_51.jdk/Contents/Home/jre/lib/libosxui.dylib
0x0000000127a5f000 	/Library/Java/JavaVirtualMachines/jdk1.8.0_51.jdk/Contents/Home/jre/lib/libnet.dylib
0x0000000127a76000 	/Library/Java/JavaVirtualMachines/jdk1.8.0_51.jdk/Contents/Home/jre/lib/libnio.dylib
0x0000000127f39000 	/Users/SarahAllen/Documents/Honors Thesis/SimpleOpenNI/library/libSimpleOpenNI.jnilib
0x0000000127f8c000 	/Users/SarahAllen/Documents/Honors Thesis/SimpleOpenNI/library/./osx/libboost_thread-mt.dylib
0x000000012336c000 	/Users/SarahAllen/Documents/Honors Thesis/SimpleOpenNI/library/./osx/libboost_system-mt.dylib
0x0000000127fb7000 	/Users/SarahAllen/Documents/Honors Thesis/SimpleOpenNI/library/./osx/libOpenNI2.dylib
0x000000012936b000 	/Users/SarahAllen/Documents/Honors Thesis/SimpleOpenNI/library/./osx/libNiTE2.dylib
0x0000000128040000 	/Users/SarahAllen/Documents/Honors Thesis/SimpleOpenNI/library/osx/OpenNI2/Drivers/libFreenectDriver.dylib
0x00000001232b2000 	/Users/SarahAllen/Documents/Honors Thesis/SimpleOpenNI/library/osx/OpenNI2/Drivers/./libfreenect.0.1.2.dylib
0x00000001232bd000 	/Users/SarahAllen/Documents/Honors Thesis/SimpleOpenNI/library/osx/OpenNI2/Drivers/././libusb-1.0.0.dylib
0x00000001232cf000 	/System/Library/Extensions/IOUSBFamily.kext/Contents/PlugIns/IOUSBLib.bundle/Contents/MacOS/IOUSBLib
0x00000001232e6000 	/Users/SarahAllen/Documents/Honors Thesis/SimpleOpenNI/library/osx/OpenNI2/Drivers/libOniFile.dylib
0x0000000128311000 	/Library/Java/JavaVirtualMachines/jdk1.8.0_51.jdk/Contents/Home/jre/lib/libsunec.dylib

VM Arguments:
jvm_args: -Djava.library.path=/Users/SarahAllen/Documents/Honors Thesis/LeapDeveloperKit_2.3.1+31549_mac/LeapSDK/lib -Djava.security.policy=java.policy.applet -Dfile.encoding=UTF-8 
java_command: sun.applet.AppletViewer edu.elon.kinect.BodyMovement1518034354770.html
java_class_path (initial): /Users/SarahAllen/Documents/Honors Thesis/ProgramInterface/bin:/Users/SarahAllen/Documents/Honors Thesis/controlp5-master.zip:/Users/SarahAllen/Documents/Honors Thesis/controlP5-2.2.5/controlP5/library/controlP5.jar:/Users/SarahAllen/Documents/Honors Thesis/LeapDeveloperKit_2.3.1+31549_mac/LeapSDK/lib/LeapJava.jar:/Users/SarahAllen/Documents/Honors Thesis/Processing 2.app/Contents/Java/core.jar:/Users/SarahAllen/Documents/Honors Thesis/Processing 2.app/Contents/Java/core/library/gluegen-rt-natives-linux-amd64.jar:/Users/SarahAllen/Documents/Honors Thesis/Processing 2.app/Contents/Java/core/library/gluegen-rt-natives-linux-armv6hf.jar:/Users/SarahAllen/Documents/Honors Thesis/Processing 2.app/Contents/Java/core/library/gluegen-rt-natives-linux-i586.jar:/Users/SarahAllen/Documents/Honors Thesis/Processing 2.app/Contents/Java/core/library/gluegen-rt-natives-macosx-universal.jar:/Users/SarahAllen/Documents/Honors Thesis/Processing 2.app/Contents/Java/core/library/gluegen-rt-natives-windows-amd64.jar:/Users/SarahAllen/Documents/Honors Thesis/Processing 2.app/Contents/Java/core/library/gluegen-rt-natives-windows-i586.jar:/Users/SarahAllen/Documents/Honors Thesis/Processing 2.app/Contents/Java/core/library/gluegen-rt.jar:/Users/SarahAllen/Documents/Honors Thesis/Processing 2.app/Contents/Java/core/library/jogl-all-natives-linux-amd64.jar:/Users/SarahAllen/Documents/Honors Thesis/Processing 2.app/Contents/Java/core/library/jogl-all-natives-linux-armv6hf.jar:/Users/SarahAllen/Documents/Honors Thesis/Processing 2.app/Contents/Java/core/library/jogl-all-natives-linux-i586.jar:/Users/SarahAllen/Documents/Honors Thesis/Processing 2.app/Contents/Java/core/library/jogl-all-natives-macosx-universal.jar:/Users/SarahAllen/Documents/Honors Thesis/Processing 2.app/Contents/Java/core/library/jogl-all-natives-windows-amd64.jar:/Users/SarahAllen/Documents/Honors Thesis/Processing 2.app/Contents/Java/core/library/jogl-all-natives-windows-i586.jar:/Users/SarahAl
Launcher Type: SUN_STANDARD

Environment Variables:
PATH=/usr/bin:/bin:/usr/sbin:/sbin
SHELL=/bin/bash
DISPLAY=/private/tmp/com.apple.launchd.E8ALzNYO9g/org.macosforge.xquartz:0

Signal Handlers:
SIGSEGV: [libjvm.dylib+0x58ef35], sa_mask[0]=11111111011111110111111111111111, sa_flags=SA_ONSTACK|SA_RESTART|SA_SIGINFO
SIGBUS: [libjvm.dylib+0x58ef35], sa_mask[0]=11111111011111110111111111111111, sa_flags=SA_RESTART|SA_SIGINFO
SIGFPE: [libjvm.dylib+0x46c028], sa_mask[0]=11111111011111110111111111111111, sa_flags=SA_RESTART|SA_SIGINFO
SIGPIPE: [libjvm.dylib+0x46c028], sa_mask[0]=11111111011111110111111111111111, sa_flags=SA_RESTART|SA_SIGINFO
SIGXFSZ: [libjvm.dylib+0x46c028], sa_mask[0]=11111111011111110111111111111111, sa_flags=SA_RESTART|SA_SIGINFO
SIGILL: [libjvm.dylib+0x46c028], sa_mask[0]=11111111011111110111111111111111, sa_flags=SA_RESTART|SA_SIGINFO
SIGUSR1: SIG_DFL, sa_mask[0]=00000000000000000000000000000000, sa_flags=none
SIGUSR2: [libjvm.dylib+0x46bb46], sa_mask[0]=00100000000000000000000000000000, sa_flags=SA_RESTART|SA_SIGINFO
SIGHUP: [libjvm.dylib+0x46a119], sa_mask[0]=11111111011111110111111111111111, sa_flags=SA_RESTART|SA_SIGINFO
SIGINT: [libjvm.dylib+0x46a119], sa_mask[0]=11111111011111110111111111111111, sa_flags=SA_RESTART|SA_SIGINFO
SIGTERM: [libjvm.dylib+0x46a119], sa_mask[0]=11111111011111110111111111111111, sa_flags=SA_RESTART|SA_SIGINFO
SIGQUIT: [libjvm.dylib+0x46a119], sa_mask[0]=11111111011111110111111111111111, sa_flags=SA_RESTART|SA_SIGINFO


---------------  S Y S T E M  ---------------

OS:Bsduname:Darwin 17.4.0 Darwin Kernel Version 17.4.0: Sun Dec 17 09:19:54 PST 2017; root:xnu-4570.41.2~1/RELEASE_X86_64 x86_64
rlimit: STACK 8192k, CORE 0k, NPROC 709, NOFILE 10240, AS infinity
load average:3.03 2.88 2.53

CPU:total 4 (2 cores per cpu, 2 threads per core) family 6 model 69 stepping 1, cmov, cx8, fxsr, mmx, sse, sse2, sse3, ssse3, sse4.1, sse4.2, popcnt, avx, avx2, aes, clmul, erms, lzcnt, ht, tsc, tscinvbit, bmi1, bmi2

Memory: 4k page, physical 8388608k(137132k free)

/proc/meminfo:


vm_info: Java HotSpot(TM) 64-Bit Server VM (25.51-b03) for bsd-amd64 JRE (1.8.0_51-b16), built on Jun  8 2015 18:01:11 by "java_re" with gcc 4.2.1 (Based on Apple Inc. build 5658) (LLVM build 2336.11.00)

time: Wed Feb  7 15:12:50 2018
elapsed time: 15 seconds (0d 0h 0m 15s)

