#
# A fatal error has been detected by the Java Runtime Environment:
#
#  SIGSEGV (0xb) at pc=0x000000012d0351aa, pid=21682, tid=55043
#
# JRE version: Java(TM) SE Runtime Environment (8.0_51-b16) (build 1.8.0_51-b16)
# Java VM: Java HotSpot(TM) 64-Bit Server VM (25.51-b03 mixed mode bsd-amd64 compressed oops)
# Problematic frame:
# C  [libusb-1.0.0.dylib+0x91aa]  darwin_async_io_callback+0x19
#
# Failed to write core dump. Core dumps have been disabled. To enable core dumping, try "ulimit -c unlimited" before starting Java again
#
# If you would like to submit a bug report, please visit:
#   http://bugreport.java.com/bugreport/crash.jsp
#

---------------  T H R E A D  ---------------

Current thread is native thread

siginfo: si_signo: 11 (SIGSEGV), si_code: 1 (SEGV_MAPERR), si_addr: 0x0000000000000058

Registers:
RAX=0x000000012d035191, RBX=0x0000000000000000, RCX=0x0000000100000001, RDX=0x0000000000000000
RSP=0x0000700002189f70, RBP=0x0000700002189fa0, RSI=0x0000000000000000, RDI=0x00007ff6daf938c0
R8 =0x00007ff6e008beb8, R9 =0x0000000000000040, R10=0x00007ff6e008beb0, R11=0xffffffffffffffff
R12=0x000070000218b1d8, R13=0x0000000000000000, R14=0x0000000000000000, R15=0x0000000000000010
RIP=0x000000012d0351aa, EFLAGS=0x0000000000010202, ERR=0x0000000000000004
  TRAPNO=0x000000000000000e

Top of Stack: (sp=0x0000700002189f70)
0x0000700002189f70:   0000000000000000 0000000100000000
0x0000700002189f80:   00007ff6daf938c0 0000000000000000
0x0000700002189f90:   000070000218b220 0000000000000000
0x0000700002189fa0:   0000700002189ff0 00007fff4c1042b5
0x0000700002189fb0:   0000000000000070 00007fffa3ce9980
0x0000700002189fc0:   0000000000000000 0000000000000000
0x0000700002189fd0:   00007fffa3cf4794 00007ff6e008a120
0x0000700002189fe0:   00007ff6e008be30 0000000000000000
0x0000700002189ff0:   000070000218a050 00007fff4996f32b
0x000070000218a000:   0000000000000000 0000000000000070
0x000070000218a010:   00007ff6e008be98 00007ff6e008a120
0x000070000218a020:   0000000000000000 000070000218b150
0x000070000218a030:   00007ff6e0088e50 00007ff6e0088d50
0x000070000218a040:   00007ff6e008be30 00007ff6e008c800
0x000070000218a050:   000070000218a070 00007fff4996f1b9
0x000070000218a060:   0000000000000000 00007fff4996f1d0
0x000070000218a070:   000070000218b100 00007fff4996f105
0x000070000218a080:   0000000000000000 0000000000000000
0x000070000218a090:   0000000000000000 0000000000000000
0x000070000218a0a0:   0000000000000000 00007ff6e0088e60
0x000070000218a0b0:   00007ff6e0088d60 0000000000000070
0x000070000218a0c0:   000070000218b1c0 000070000218b150
0x000070000218a0d0:   0000000000000000 0000000000000000
0x000070000218a0e0:   0000000000000000 0000000000000000
0x000070000218a0f0:   0000000000000000 0000000000000000
0x000070000218a100:   0000000000000000 0000000000000000
0x000070000218a110:   0000000000000000 0000000000000000
0x000070000218a120:   0000000000000000 0000000000000000
0x000070000218a130:   0000000000000000 0000000000000000
0x000070000218a140:   0000000000000000 0000000000000000
0x000070000218a150:   0000000000000000 0000000000000000
0x000070000218a160:   0000000000000000 0000000000000000 

Instructions: (pc=0x000000012d0351aa)
0x000000012d03518a:   5c 41 5e 41 5f 5d c3 55 48 89 e5 41 56 53 48 83
0x000000012d03519a:   ec 20 49 89 d6 89 75 ec 48 89 7d e0 48 8b 5f 70
0x000000012d0351aa:   48 8b 43 58 48 8b 78 48 48 8d 15 90 20 00 00 48
0x000000012d0351ba:   8d 0d a2 20 00 00 be 01 00 00 00 30 c0 e8 52 7f 

Register to memory mapping:

RAX=0x000000012d035191: darwin_async_io_callback+0 in /Users/SarahAllen/Documents/Honors Thesis/SimpleOpenNI/library/osx/OpenNI2/Drivers/././libusb-1.0.0.dylib at 0x000000012d02c000
RBX=0x0000000000000000 is an unknown value
RCX=0x0000000100000001 is an unknown value
RDX=0x0000000000000000 is an unknown value
RSP=0x0000700002189f70 is an unknown value
RBP=0x0000700002189fa0 is an unknown value
RSI=0x0000000000000000 is an unknown value
RDI=0x00007ff6daf938c0 is an unknown value
R8 =0x00007ff6e008beb8 is an unknown value
R9 =0x0000000000000040 is an unknown value
R10=0x00007ff6e008beb0 is an unknown value
R11=0xffffffffffffffff is an unknown value
R12=0x000070000218b1d8 is an unknown value
R13=0x0000000000000000 is an unknown value
R14=0x0000000000000000 is an unknown value
R15=0x0000000000000010 is an unknown value


Stack: [0x000070000210c000,0x000070000218c000],  sp=0x0000700002189f70,  free space=503k
Native frames: (J=compiled Java code, j=interpreted, Vv=VM code, C=native code)
C  [libusb-1.0.0.dylib+0x91aa]  darwin_async_io_callback+0x19
C  [IOKit+0x132b5]  IODispatchCalloutFromCFMessage+0x15d
C  [CoreFoundation+0x8e32b]  __CFMachPortPerform+0x15b
C  [CoreFoundation+0x8e1b9]  __CFRUNLOOP_IS_CALLING_OUT_TO_A_SOURCE1_PERFORM_FUNCTION__+0x29
C  [CoreFoundation+0x8e105]  __CFRunLoopDoSource1+0x215
C  [CoreFoundation+0x85cf0]  __CFRunLoopRun+0xb20
C  [CoreFoundation+0x84f43]  CFRunLoopRunSpecific+0x1e3
C  [CoreFoundation+0xc38f3]  CFRunLoopRun+0x63
C  [libusb-1.0.0.dylib+0x9d91]  event_thread_main+0x122
C  [libsystem_pthread.dylib+0x36c1]  _pthread_body+0x154
C  [libsystem_pthread.dylib+0x356d]  _pthread_body+0x0
C  [libsystem_pthread.dylib+0x2c5d]  thread_start+0xd


---------------  P R O C E S S  ---------------

VM state:not at safepoint (normal execution)

VM Mutex/Monitor currently owned by a thread: None

Heap:
 PSYoungGen      total 38400K, used 28197K [0x0000000795580000, 0x0000000798000000, 0x00000007c0000000)
  eden space 33280K, 84% used [0x0000000795580000,0x0000000797109598,0x0000000797600000)
  from space 5120K, 0% used [0x0000000797b00000,0x0000000797b00000,0x0000000798000000)
  to   space 5120K, 0% used [0x0000000797600000,0x0000000797600000,0x0000000797b00000)
 ParOldGen       total 87552K, used 0K [0x0000000740000000, 0x0000000745580000, 0x0000000795580000)
  object space 87552K, 0% used [0x0000000740000000,0x0000000740000000,0x0000000745580000)
 Metaspace       used 13262K, capacity 13472K, committed 13696K, reserved 1060864K
  class space    used 1480K, capacity 1571K, committed 1664K, reserved 1048576K

Card table byte_map: [0x000000010ff29000,0x000000011032a000] byte_map_base: 0x000000010c529000

Marking Bits: (ParMarkBitMap*) 0x000000010f4c27a0
 Begin Bits: [0x00000001105d5000, 0x00000001125d5000)
 End Bits:   [0x00000001125d5000, 0x00000001145d5000)

Polling page: 0x000000010e289000

CodeCache: size=245760Kb used=3136Kb max_used=3136Kb free=242623Kb
 bounds [0x00000001187d8000, 0x0000000118af8000, 0x00000001277d8000]
 total_blobs=1420 nmethods=851 adapters=483
 compilation: enabled

Compilation events (10 events):
Event: 3.024 Thread 0x00007ff6db02c000  846       3       sun.awt.SunToolkit::postEvent (157 bytes)
Event: 3.027 Thread 0x00007ff6db02c000 nmethod 846 0x0000000118ae5c90 code [0x0000000118ae6040, 0x0000000118ae8428]
Event: 3.027 Thread 0x00007ff6db02c000  847       3       sun.awt.AWTAccessor::getSequencedEventAccessor (4 bytes)
Event: 3.027 Thread 0x00007ff6db02c000 nmethod 847 0x0000000118ae9390 code [0x0000000118ae94e0, 0x0000000118ae9630]
Event: 3.144 Thread 0x00007ff6db02c000  848       3       sun.awt.AWTAutoShutdown::notifyToolkitThreadBusy (8 bytes)
Event: 3.144 Thread 0x00007ff6db02c000 nmethod 848 0x0000000118ae9690 code [0x0000000118ae9800, 0x0000000118ae99c8]
Event: 3.144 Thread 0x00007ff6db02c000  849       3       sun.awt.AWTAutoShutdown::notifyToolkitThreadFree (8 bytes)
Event: 3.145 Thread 0x00007ff6db02c000 nmethod 849 0x0000000118ae9a90 code [0x0000000118ae9c00, 0x0000000118ae9dc8]
Event: 3.690 Thread 0x00007ff6db02c000  850       3       sun.java2d.pipe.RenderBuffer::putFloat (26 bytes)
Event: 3.690 Thread 0x00007ff6db02c000 nmethod 850 0x0000000118aea1d0 code [0x0000000118aea340, 0x0000000118aea4d0]

GC Heap History (0 events):
No events

Deoptimization events (2 events):
Event: 1.966 Thread 0x00007ff6db0b0800 Uncommon trap: reason=unstable_if action=reinterpret pc=0x00000001189d1200 method=java.lang.String.toLowerCase(Ljava/util/Locale;)Ljava/lang/String; @ 85
Event: 2.043 Thread 0x00007ff6db0b0800 Uncommon trap: reason=unstable_if action=reinterpret pc=0x00000001189c9c0c method=java.lang.String.indexOf([CII[CIII)I @ 3

Internal exceptions (10 events):
Event: 0.050 Thread 0x00007ff6db807800 Exception <a 'java/lang/NoSuchMethodError': Method sun.misc.Unsafe.prefetchRead(Ljava/lang/Object;J)V name or signature does not match> (0x0000000795593040) thrown at [/Users/java_re/workspace/8-2-build-macosx-x86_64/jdk8u51/3951/hotspot/src/share/vm/prim
Event: 0.110 Thread 0x00007ff6db807800 Exception <a 'java/security/PrivilegedActionException'> (0x00000007956089f0) thrown at [/Users/java_re/workspace/8-2-build-macosx-x86_64/jdk8u51/3951/hotspot/src/share/vm/prims/jvm.cpp, line 1382]
Event: 0.110 Thread 0x00007ff6db807800 Exception <a 'java/security/PrivilegedActionException'> (0x0000000795608ba8) thrown at [/Users/java_re/workspace/8-2-build-macosx-x86_64/jdk8u51/3951/hotspot/src/share/vm/prims/jvm.cpp, line 1382]
Event: 0.110 Thread 0x00007ff6db807800 Exception <a 'java/security/PrivilegedActionException'> (0x000000079560bd98) thrown at [/Users/java_re/workspace/8-2-build-macosx-x86_64/jdk8u51/3951/hotspot/src/share/vm/prims/jvm.cpp, line 1382]
Event: 0.111 Thread 0x00007ff6db807800 Exception <a 'java/security/PrivilegedActionException'> (0x000000079560bf50) thrown at [/Users/java_re/workspace/8-2-build-macosx-x86_64/jdk8u51/3951/hotspot/src/share/vm/prims/jvm.cpp, line 1382]
Event: 0.353 Thread 0x00007ff6db807800 Exception <a 'java/io/FileNotFoundException'> (0x000000079579eaf8) thrown at [/Users/java_re/workspace/8-2-build-macosx-x86_64/jdk8u51/3951/hotspot/src/share/vm/prims/jni.cpp, line 709]
Event: 0.353 Thread 0x00007ff6db807800 Exception <a 'java/io/FileNotFoundException'> (0x000000079579f638) thrown at [/Users/java_re/workspace/8-2-build-macosx-x86_64/jdk8u51/3951/hotspot/src/share/vm/prims/jni.cpp, line 709]
Event: 0.443 Thread 0x00007ff6db807800 Exception <a 'java/lang/NoSuchFieldError': method resolution failed> (0x0000000795a79c30) thrown at [/Users/java_re/workspace/8-2-build-macosx-x86_64/jdk8u51/3951/hotspot/src/share/vm/prims/methodHandles.cpp, line 1125]
Event: 0.445 Thread 0x00007ff6db807800 Exception <a 'java/lang/NoSuchFieldError': method resolution failed> (0x0000000795a88610) thrown at [/Users/java_re/workspace/8-2-build-macosx-x86_64/jdk8u51/3951/hotspot/src/share/vm/prims/methodHandles.cpp, line 1125]
Event: 0.532 Thread 0x00007ff6db807800 Exception <a 'java/io/FileNotFoundException'> (0x0000000795c059a0) thrown at [/Users/java_re/workspace/8-2-build-macosx-x86_64/jdk8u51/3951/hotspot/src/share/vm/prims/jni.cpp, line 709]

Events (10 events):
Event: 2.531 loading class java/awt/AWTEvent$2 done
Event: 2.531 loading class sun/reflect/UnsafeBooleanFieldAccessorImpl
Event: 2.531 loading class sun/reflect/UnsafeBooleanFieldAccessorImpl done
Event: 2.535 loading class sun/lwawt/macosx/CCustomCursor
Event: 2.535 loading class sun/lwawt/macosx/CCustomCursor done
Event: 3.689 loading class sun/applet/AppletViewer$3
Event: 3.689 loading class sun/applet/AppletViewer$3 done
Event: 3.689 Thread 0x00007ff6dc191800 Thread added: 0x00007ff6dc191800
Event: 3.689 loading class sun/applet/AppletPanel$4
Event: 3.689 loading class sun/applet/AppletPanel$4 done


Dynamic libraries:
0x0000000021f39000 	/System/Library/Frameworks/Cocoa.framework/Versions/A/Cocoa
0x0000000021f39000 	/System/Library/Frameworks/Security.framework/Versions/A/Security
0x0000000021f39000 	/System/Library/Frameworks/ApplicationServices.framework/Versions/A/ApplicationServices
0x0000000021f39000 	/usr/lib/libz.1.dylib
0x0000000021f39000 	/usr/lib/libSystem.B.dylib
0x0000000021f39000 	/usr/lib/libobjc.A.dylib
0x0000000021f39000 	/System/Library/Frameworks/CoreFoundation.framework/Versions/A/CoreFoundation
0x0000000021f39000 	/System/Library/Frameworks/Foundation.framework/Versions/C/Foundation
0x0000000021f39000 	/System/Library/Frameworks/AppKit.framework/Versions/C/AppKit
0x0000000021f39000 	/System/Library/Frameworks/CoreData.framework/Versions/A/CoreData
0x0000000021f39000 	/System/Library/PrivateFrameworks/RemoteViewServices.framework/Versions/A/RemoteViewServices
0x0000000021f39000 	/System/Library/PrivateFrameworks/UIFoundation.framework/Versions/A/UIFoundation
0x0000000021f39000 	/System/Library/PrivateFrameworks/DFRFoundation.framework/Versions/A/DFRFoundation
0x0000000021f39000 	/System/Library/Frameworks/Metal.framework/Versions/A/Metal
0x0000000021f39000 	/System/Library/PrivateFrameworks/DesktopServicesPriv.framework/Versions/A/DesktopServicesPriv
0x0000000021f39000 	/usr/lib/libenergytrace.dylib
0x0000000021f39000 	/System/Library/PrivateFrameworks/SkyLight.framework/Versions/A/SkyLight
0x0000000021f39000 	/System/Library/Frameworks/CoreGraphics.framework/Versions/A/CoreGraphics
0x0000000021f39000 	/usr/lib/libScreenReader.dylib
0x0000000021f39000 	/System/Library/Frameworks/Accelerate.framework/Versions/A/Accelerate
0x0000000021f39000 	/System/Library/Frameworks/IOSurface.framework/Versions/A/IOSurface
0x0000000021f39000 	/System/Library/Frameworks/AudioToolbox.framework/Versions/A/AudioToolbox
0x0000000021f39000 	/System/Library/Frameworks/AudioUnit.framework/Versions/A/AudioUnit
0x0000000021f39000 	/System/Library/PrivateFrameworks/DataDetectorsCore.framework/Versions/A/DataDetectorsCore
0x0000000021f39000 	/System/Library/Frameworks/Carbon.framework/Versions/A/Frameworks/HIToolbox.framework/Versions/A/HIToolbox
0x0000000021f39000 	/usr/lib/libicucore.A.dylib
0x0000000021f39000 	/System/Library/Frameworks/QuartzCore.framework/Versions/A/QuartzCore
0x0000000021f39000 	/System/Library/Frameworks/Carbon.framework/Versions/A/Frameworks/SpeechRecognition.framework/Versions/A/SpeechRecognition
0x0000000021f39000 	/usr/lib/libauto.dylib
0x0000000021f39000 	/usr/lib/libxml2.2.dylib
0x0000000021f39000 	/System/Library/PrivateFrameworks/CoreUI.framework/Versions/A/CoreUI
0x0000000021f39000 	/System/Library/Frameworks/CoreAudio.framework/Versions/A/CoreAudio
0x0000000021f39000 	/System/Library/Frameworks/DiskArbitration.framework/Versions/A/DiskArbitration
0x0000000021f39000 	/usr/lib/liblangid.dylib
0x0000000021f39000 	/System/Library/PrivateFrameworks/MultitouchSupport.framework/Versions/A/MultitouchSupport
0x0000000021f39000 	/System/Library/Frameworks/IOKit.framework/Versions/A/IOKit
0x0000000021f39000 	/usr/lib/libDiagnosticMessagesClient.dylib
0x0000000021f39000 	/System/Library/Frameworks/CoreServices.framework/Versions/A/CoreServices
0x0000000021f39000 	/System/Library/PrivateFrameworks/PerformanceAnalysis.framework/Versions/A/PerformanceAnalysis
0x0000000021f39000 	/System/Library/Frameworks/OpenGL.framework/Versions/A/OpenGL
0x0000000021f39000 	/System/Library/Frameworks/ColorSync.framework/Versions/A/ColorSync
0x0000000021f39000 	/System/Library/Frameworks/CoreImage.framework/Versions/A/CoreImage
0x0000000021f39000 	/System/Library/Frameworks/CoreText.framework/Versions/A/CoreText
0x0000000021f39000 	/System/Library/Frameworks/ImageIO.framework/Versions/A/ImageIO
0x0000000021f39000 	/System/Library/PrivateFrameworks/Backup.framework/Versions/A/Backup
0x0000000021f39000 	/usr/lib/libarchive.2.dylib
0x0000000021f39000 	/System/Library/Frameworks/CFNetwork.framework/Versions/A/CFNetwork
0x0000000021f39000 	/System/Library/Frameworks/SystemConfiguration.framework/Versions/A/SystemConfiguration
0x0000000021f39000 	/usr/lib/libCRFSuite.dylib
0x0000000021f39000 	/usr/lib/libc++.1.dylib
0x0000000021f39000 	/usr/lib/libc++abi.dylib
0x0000000021f39000 	/usr/lib/system/libcache.dylib
0x0000000021f39000 	/usr/lib/system/libcommonCrypto.dylib
0x0000000021f39000 	/usr/lib/system/libcompiler_rt.dylib
0x0000000021f39000 	/usr/lib/system/libcopyfile.dylib
0x0000000021f39000 	/usr/lib/system/libcorecrypto.dylib
0x0000000021f39000 	/usr/lib/system/libdispatch.dylib
0x0000000021f39000 	/usr/lib/system/libdyld.dylib
0x0000000021f39000 	/usr/lib/system/libkeymgr.dylib
0x0000000021f39000 	/usr/lib/system/liblaunch.dylib
0x0000000021f39000 	/usr/lib/system/libmacho.dylib
0x0000000021f39000 	/usr/lib/system/libquarantine.dylib
0x0000000021f39000 	/usr/lib/system/libremovefile.dylib
0x0000000021f39000 	/usr/lib/system/libsystem_asl.dylib
0x0000000021f39000 	/usr/lib/system/libsystem_blocks.dylib
0x0000000021f39000 	/usr/lib/system/libsystem_c.dylib
0x0000000021f39000 	/usr/lib/system/libsystem_configuration.dylib
0x0000000021f39000 	/usr/lib/system/libsystem_coreservices.dylib
0x0000000021f39000 	/usr/lib/system/libsystem_darwin.dylib
0x0000000021f39000 	/usr/lib/system/libsystem_dnssd.dylib
0x0000000021f39000 	/usr/lib/system/libsystem_info.dylib
0x0000000021f39000 	/usr/lib/system/libsystem_m.dylib
0x0000000021f39000 	/usr/lib/system/libsystem_malloc.dylib
0x0000000021f39000 	/usr/lib/system/libsystem_network.dylib
0x0000000021f39000 	/usr/lib/system/libsystem_networkextension.dylib
0x0000000021f39000 	/usr/lib/system/libsystem_notify.dylib
0x0000000021f39000 	/usr/lib/system/libsystem_sandbox.dylib
0x0000000021f39000 	/usr/lib/system/libsystem_secinit.dylib
0x0000000021f39000 	/usr/lib/system/libsystem_kernel.dylib
0x0000000021f39000 	/usr/lib/system/libsystem_platform.dylib
0x0000000021f39000 	/usr/lib/system/libsystem_pthread.dylib
0x0000000021f39000 	/usr/lib/system/libsystem_symptoms.dylib
0x0000000021f39000 	/usr/lib/system/libsystem_trace.dylib
0x0000000021f39000 	/usr/lib/system/libunwind.dylib
0x0000000021f39000 	/usr/lib/system/libxpc.dylib
0x0000000021f39000 	/usr/lib/closure/libclosured.dylib
0x0000000021f39000 	/usr/lib/libbsm.0.dylib
0x0000000021f39000 	/usr/lib/system/libkxld.dylib
0x0000000021f39000 	/usr/lib/libOpenScriptingUtil.dylib
0x0000000021f39000 	/usr/lib/libcoretls.dylib
0x0000000021f39000 	/usr/lib/libcoretls_cfhelpers.dylib
0x0000000021f39000 	/usr/lib/libpam.2.dylib
0x0000000021f39000 	/usr/lib/libsqlite3.dylib
0x0000000021f39000 	/usr/lib/libxar.1.dylib
0x0000000021f39000 	/usr/lib/libbz2.1.0.dylib
0x0000000021f39000 	/usr/lib/liblzma.5.dylib
0x0000000021f39000 	/usr/lib/libnetwork.dylib
0x0000000021f39000 	/usr/lib/libapple_nghttp2.dylib
0x0000000021f39000 	/usr/lib/libpcap.A.dylib
0x0000000021f39000 	/usr/lib/libboringssl.dylib
0x0000000021f39000 	/usr/lib/libusrtcp.dylib
0x0000000021f39000 	/usr/lib/libapple_crypto.dylib
0x0000000021f39000 	/System/Library/Frameworks/CoreServices.framework/Versions/A/Frameworks/FSEvents.framework/Versions/A/FSEvents
0x0000000021f39000 	/System/Library/Frameworks/CoreServices.framework/Versions/A/Frameworks/CarbonCore.framework/Versions/A/CarbonCore
0x0000000021f39000 	/System/Library/Frameworks/CoreServices.framework/Versions/A/Frameworks/Metadata.framework/Versions/A/Metadata
0x0000000021f39000 	/System/Library/Frameworks/CoreServices.framework/Versions/A/Frameworks/OSServices.framework/Versions/A/OSServices
0x0000000021f39000 	/System/Library/Frameworks/CoreServices.framework/Versions/A/Frameworks/SearchKit.framework/Versions/A/SearchKit
0x0000000021f39000 	/System/Library/Frameworks/CoreServices.framework/Versions/A/Frameworks/AE.framework/Versions/A/AE
0x0000000021f39000 	/System/Library/Frameworks/CoreServices.framework/Versions/A/Frameworks/LaunchServices.framework/Versions/A/LaunchServices
0x0000000021f39000 	/System/Library/Frameworks/CoreServices.framework/Versions/A/Frameworks/DictionaryServices.framework/Versions/A/DictionaryServices
0x0000000021f39000 	/System/Library/Frameworks/CoreServices.framework/Versions/A/Frameworks/SharedFileList.framework/Versions/A/SharedFileList
0x0000000021f39000 	/System/Library/Frameworks/NetFS.framework/Versions/A/NetFS
0x0000000021f39000 	/System/Library/PrivateFrameworks/NetAuth.framework/Versions/A/NetAuth
0x0000000021f39000 	/System/Library/PrivateFrameworks/login.framework/Versions/A/Frameworks/loginsupport.framework/Versions/A/loginsupport
0x0000000021f39000 	/System/Library/PrivateFrameworks/TCC.framework/Versions/A/TCC
0x0000000021f39000 	/usr/lib/libmecabra.dylib
0x0000000021f39000 	/System/Library/Frameworks/ApplicationServices.framework/Versions/A/Frameworks/ATS.framework/Versions/A/ATS
0x0000000021f39000 	/System/Library/Frameworks/ApplicationServices.framework/Versions/A/Frameworks/ColorSyncLegacy.framework/Versions/A/ColorSyncLegacy
0x0000000021f39000 	/System/Library/Frameworks/ApplicationServices.framework/Versions/A/Frameworks/HIServices.framework/Versions/A/HIServices
0x0000000021f39000 	/System/Library/Frameworks/ApplicationServices.framework/Versions/A/Frameworks/LangAnalysis.framework/Versions/A/LangAnalysis
0x0000000021f39000 	/System/Library/Frameworks/ApplicationServices.framework/Versions/A/Frameworks/PrintCore.framework/Versions/A/PrintCore
0x0000000021f39000 	/System/Library/Frameworks/ApplicationServices.framework/Versions/A/Frameworks/QD.framework/Versions/A/QD
0x0000000021f39000 	/System/Library/Frameworks/ApplicationServices.framework/Versions/A/Frameworks/SpeechSynthesis.framework/Versions/A/SpeechSynthesis
0x0000000021f39000 	/System/Library/Frameworks/CoreDisplay.framework/Versions/A/CoreDisplay
0x0000000021f39000 	/System/Library/Frameworks/Accelerate.framework/Versions/A/Frameworks/vImage.framework/Versions/A/vImage
0x0000000021f39000 	/System/Library/Frameworks/Accelerate.framework/Versions/A/Frameworks/vecLib.framework/Versions/A/vecLib
0x0000000021f39000 	/System/Library/Frameworks/Accelerate.framework/Versions/A/Frameworks/vecLib.framework/Versions/A/libvDSP.dylib
0x0000000021f39000 	/System/Library/Frameworks/Accelerate.framework/Versions/A/Frameworks/vecLib.framework/Versions/A/libBNNS.dylib
0x0000000021f39000 	/System/Library/Frameworks/Accelerate.framework/Versions/A/Frameworks/vecLib.framework/Versions/A/libQuadrature.dylib
0x0000000021f39000 	/System/Library/Frameworks/Accelerate.framework/Versions/A/Frameworks/vecLib.framework/Versions/A/libvMisc.dylib
0x0000000021f39000 	/System/Library/Frameworks/Accelerate.framework/Versions/A/Frameworks/vecLib.framework/Versions/A/libLAPACK.dylib
0x0000000021f39000 	/System/Library/Frameworks/Accelerate.framework/Versions/A/Frameworks/vecLib.framework/Versions/A/libBLAS.dylib
0x0000000021f39000 	/System/Library/Frameworks/Accelerate.framework/Versions/A/Frameworks/vecLib.framework/Versions/A/libLinearAlgebra.dylib
0x0000000021f39000 	/System/Library/Frameworks/Accelerate.framework/Versions/A/Frameworks/vecLib.framework/Versions/A/libSparse.dylib
0x0000000021f39000 	/System/Library/Frameworks/Accelerate.framework/Versions/A/Frameworks/vecLib.framework/Versions/A/libSparseBLAS.dylib
0x0000000021f39000 	/System/Library/PrivateFrameworks/IOAccelerator.framework/Versions/A/IOAccelerator
0x0000000021f39000 	/System/Library/PrivateFrameworks/IOPresentment.framework/Versions/A/IOPresentment
0x0000000021f39000 	/System/Library/PrivateFrameworks/DSExternalDisplay.framework/Versions/A/DSExternalDisplay
0x0000000021f39000 	/System/Library/Frameworks/OpenGL.framework/Versions/A/Libraries/libCoreFSCache.dylib
0x0000000021f39000 	/System/Library/Frameworks/CoreVideo.framework/Versions/A/CoreVideo
0x0000000021f39000 	/System/Library/PrivateFrameworks/GraphVisualizer.framework/Versions/A/GraphVisualizer
0x0000000021f39000 	/System/Library/Frameworks/MetalPerformanceShaders.framework/Versions/A/MetalPerformanceShaders
0x0000000021f39000 	/usr/lib/libFosl_dynamic.dylib
0x0000000021f39000 	/System/Library/PrivateFrameworks/FaceCore.framework/Versions/A/FaceCore
0x0000000021f39000 	/System/Library/Frameworks/OpenCL.framework/Versions/A/OpenCL
0x0000000021f39000 	/usr/lib/libcompression.dylib
0x0000000021f39000 	/System/Library/Frameworks/ApplicationServices.framework/Versions/A/Frameworks/ATS.framework/Versions/A/Resources/libFontParser.dylib
0x0000000021f39000 	/System/Library/Frameworks/ApplicationServices.framework/Versions/A/Frameworks/ATS.framework/Versions/A/Resources/libFontRegistry.dylib
0x0000000021f39000 	/System/Library/Frameworks/ImageIO.framework/Versions/A/Resources/libJPEG.dylib
0x0000000021f39000 	/System/Library/Frameworks/ImageIO.framework/Versions/A/Resources/libTIFF.dylib
0x0000000021f39000 	/System/Library/Frameworks/ImageIO.framework/Versions/A/Resources/libPng.dylib
0x0000000021f39000 	/System/Library/Frameworks/ImageIO.framework/Versions/A/Resources/libGIF.dylib
0x0000000021f39000 	/System/Library/Frameworks/ImageIO.framework/Versions/A/Resources/libJP2.dylib
0x0000000021f39000 	/System/Library/Frameworks/ImageIO.framework/Versions/A/Resources/libRadiance.dylib
0x0000000021f39000 	/System/Library/PrivateFrameworks/AppleJPEG.framework/Versions/A/AppleJPEG
0x0000000021f39000 	/System/Library/PrivateFrameworks/MetalTools.framework/Versions/A/MetalTools
0x0000000021f39000 	/System/Library/Frameworks/MetalPerformanceShaders.framework/Frameworks/MPSCore.framework/Versions/A/MPSCore
0x0000000021f39000 	/System/Library/Frameworks/MetalPerformanceShaders.framework/Frameworks/MPSImage.framework/Versions/A/MPSImage
0x0000000021f39000 	/System/Library/Frameworks/MetalPerformanceShaders.framework/Frameworks/MPSMatrix.framework/Versions/A/MPSMatrix
0x0000000021f39000 	/System/Library/Frameworks/MetalPerformanceShaders.framework/Frameworks/MPSNeuralNetwork.framework/Versions/A/MPSNeuralNetwork
0x0000000021f39000 	/System/Library/Frameworks/OpenGL.framework/Versions/A/Libraries/libGLU.dylib
0x0000000021f39000 	/System/Library/Frameworks/OpenGL.framework/Versions/A/Libraries/libGFXShared.dylib
0x0000000021f39000 	/System/Library/Frameworks/OpenGL.framework/Versions/A/Libraries/libGL.dylib
0x0000000021f39000 	/System/Library/Frameworks/OpenGL.framework/Versions/A/Libraries/libGLImage.dylib
0x0000000021f39000 	/System/Library/Frameworks/OpenGL.framework/Versions/A/Libraries/libCVMSPluginSupport.dylib
0x0000000021f39000 	/System/Library/Frameworks/OpenGL.framework/Versions/A/Libraries/libCoreVMClient.dylib
0x0000000021f39000 	/usr/lib/libcups.2.dylib
0x0000000021f39000 	/System/Library/Frameworks/Kerberos.framework/Versions/A/Kerberos
0x0000000021f39000 	/System/Library/Frameworks/GSS.framework/Versions/A/GSS
0x0000000021f39000 	/usr/lib/libresolv.9.dylib
0x0000000021f39000 	/usr/lib/libiconv.2.dylib
0x0000000021f39000 	/System/Library/PrivateFrameworks/Heimdal.framework/Versions/A/Heimdal
0x0000000021f39000 	/usr/lib/libheimdal-asn1.dylib
0x0000000021f39000 	/System/Library/Frameworks/OpenDirectory.framework/Versions/A/OpenDirectory
0x0000000021f39000 	/System/Library/PrivateFrameworks/CommonAuth.framework/Versions/A/CommonAuth
0x0000000021f39000 	/System/Library/Frameworks/OpenDirectory.framework/Versions/A/Frameworks/CFOpenDirectory.framework/Versions/A/CFOpenDirectory
0x0000000021f39000 	/System/Library/Frameworks/SecurityFoundation.framework/Versions/A/SecurityFoundation
0x0000000021f39000 	/System/Library/PrivateFrameworks/APFS.framework/Versions/A/APFS
0x0000000021f39000 	/usr/lib/libutil.dylib
0x0000000021f39000 	/System/Library/PrivateFrameworks/AppleSauce.framework/Versions/A/AppleSauce
0x0000000021f39000 	/System/Library/PrivateFrameworks/LinguisticData.framework/Versions/A/LinguisticData
0x0000000021f39000 	/usr/lib/libmarisa.dylib
0x0000000021f39000 	/System/Library/PrivateFrameworks/Lexicon.framework/Versions/A/Lexicon
0x0000000021f39000 	/usr/lib/libChineseTokenizer.dylib
0x0000000021f39000 	/usr/lib/libcmph.dylib
0x0000000021f39000 	/System/Library/PrivateFrameworks/LanguageModeling.framework/Versions/A/LanguageModeling
0x0000000021f39000 	/System/Library/PrivateFrameworks/CoreEmoji.framework/Versions/A/CoreEmoji
0x0000000021f39000 	/System/Library/Frameworks/ServiceManagement.framework/Versions/A/ServiceManagement
0x0000000021f39000 	/System/Library/PrivateFrameworks/BackgroundTaskManagement.framework/Versions/A/BackgroundTaskManagement
0x0000000021f39000 	/usr/lib/libxslt.1.dylib
0x0000000021f39000 	/System/Library/Frameworks/Carbon.framework/Versions/A/Frameworks/Ink.framework/Versions/A/Ink
0x0000000021f39000 	/System/Library/PrivateFrameworks/TextureIO.framework/Versions/A/TextureIO
0x0000000021f39000 	/usr/lib/libate.dylib
0x0000000021f39000 	/System/Library/PrivateFrameworks/CrashReporterSupport.framework/Versions/A/CrashReporterSupport
0x0000000021f39000 	/System/Library/PrivateFrameworks/Sharing.framework/Versions/A/Sharing
0x0000000021f39000 	/System/Library/PrivateFrameworks/IconServices.framework/Versions/A/IconServices
0x0000000021f39000 	/System/Library/PrivateFrameworks/ProtocolBuffer.framework/Versions/A/ProtocolBuffer
0x0000000021f39000 	/System/Library/PrivateFrameworks/Apple80211.framework/Versions/A/Apple80211
0x0000000021f39000 	/System/Library/Frameworks/CoreWLAN.framework/Versions/A/CoreWLAN
0x0000000021f39000 	/System/Library/PrivateFrameworks/CoreUtils.framework/Versions/A/CoreUtils
0x0000000021f39000 	/System/Library/Frameworks/IOBluetooth.framework/Versions/A/IOBluetooth
0x0000000021f39000 	/System/Library/PrivateFrameworks/CoreWiFi.framework/Versions/A/CoreWiFi
0x0000000021f39000 	/System/Library/Frameworks/CoreBluetooth.framework/Versions/A/CoreBluetooth
0x0000000021f39000 	/System/Library/PrivateFrameworks/SignpostNotification.framework/Versions/A/SignpostNotification
0x0000000021f39000 	/System/Library/PrivateFrameworks/DebugSymbols.framework/Versions/A/DebugSymbols
0x0000000021f39000 	/System/Library/PrivateFrameworks/CoreSymbolication.framework/Versions/A/CoreSymbolication
0x0000000021f39000 	/System/Library/PrivateFrameworks/Symbolication.framework/Versions/A/Symbolication
0x0000000021f39000 	/System/Library/PrivateFrameworks/AppleFSCompression.framework/Versions/A/AppleFSCompression
0x0000000021f39000 	/System/Library/PrivateFrameworks/SpeechRecognitionCore.framework/Versions/A/SpeechRecognitionCore
0x000000010ec00000 	/Library/Java/JavaVirtualMachines/jdk1.8.0_51.jdk/Contents/Home/jre/lib/server/libjvm.dylib
0x0000000021f39000 	/usr/lib/libstdc++.6.0.9.dylib
0x000000010e246000 	/Library/Java/JavaVirtualMachines/jdk1.8.0_51.jdk/Contents/Home/jre/lib/libverify.dylib
0x000000010e254000 	/Library/Java/JavaVirtualMachines/jdk1.8.0_51.jdk/Contents/Home/jre/lib/libjava.dylib
0x000000010e2d3000 	/Library/Java/JavaVirtualMachines/jdk1.8.0_51.jdk/Contents/Home/jre/lib/libzip.dylib
0x0000000021f39000 	/System/Library/Frameworks/JavaVM.framework/Versions/A/Frameworks/JavaRuntimeSupport.framework/Versions/A/JavaRuntimeSupport
0x0000000021f39000 	/System/Library/Frameworks/JavaVM.framework/Versions/A/Frameworks/JavaNativeFoundation.framework/Versions/A/JavaNativeFoundation
0x0000000021f39000 	/System/Library/Frameworks/JavaVM.framework/Versions/A/JavaVM
0x0000000021f39000 	/System/Library/Frameworks/Carbon.framework/Versions/A/Carbon
0x0000000021f39000 	/System/Library/PrivateFrameworks/JavaLaunching.framework/Versions/A/JavaLaunching
0x0000000021f39000 	/System/Library/Frameworks/Carbon.framework/Versions/A/Frameworks/CommonPanels.framework/Versions/A/CommonPanels
0x0000000021f39000 	/System/Library/Frameworks/Carbon.framework/Versions/A/Frameworks/Help.framework/Versions/A/Help
0x0000000021f39000 	/System/Library/Frameworks/Carbon.framework/Versions/A/Frameworks/ImageCapture.framework/Versions/A/ImageCapture
0x0000000021f39000 	/System/Library/Frameworks/Carbon.framework/Versions/A/Frameworks/OpenScripting.framework/Versions/A/OpenScripting
0x0000000021f39000 	/System/Library/Frameworks/Carbon.framework/Versions/A/Frameworks/Print.framework/Versions/A/Print
0x0000000021f39000 	/System/Library/Frameworks/Carbon.framework/Versions/A/Frameworks/SecurityHI.framework/Versions/A/SecurityHI
0x0000000117d3a000 	/Library/Java/JavaVirtualMachines/jdk1.8.0_51.jdk/Contents/Home/jre/lib/libawt.dylib
0x0000000117de2000 	/Library/Java/JavaVirtualMachines/jdk1.8.0_51.jdk/Contents/Home/jre/lib/./libmlib_image.dylib
0x0000000117eae000 	/Library/Java/JavaVirtualMachines/jdk1.8.0_51.jdk/Contents/Home/jre/lib/libawt_lwawt.dylib
0x0000000117f62000 	/Library/Java/JavaVirtualMachines/jdk1.8.0_51.jdk/Contents/Home/jre/lib/./libosxapp.dylib
0x0000000021f39000 	/System/Library/Frameworks/ExceptionHandling.framework/Versions/A/ExceptionHandling
0x0000000021f39000 	/System/Library/PrivateFrameworks/CoreServicesInternal.framework/Versions/A/CoreServicesInternal
0x0000000021f39000 	/System/Library/CoreServices/RawCamera.bundle/Contents/MacOS/RawCamera
0x0000000021f39000 	/System/Library/PrivateFrameworks/MobileAsset.framework/Versions/A/MobileAsset
0x0000000021f39000 	/System/Library/PrivateFrameworks/StreamingZip.framework/Versions/A/StreamingZip
0x0000000021f39000 	/System/Library/Frameworks/MediaToolbox.framework/Versions/A/MediaToolbox
0x0000000021f39000 	/System/Library/PrivateFrameworks/CoreAVCHD.framework/Versions/A/CoreAVCHD
0x0000000021f39000 	/System/Library/Frameworks/MediaAccessibility.framework/Versions/A/MediaAccessibility
0x0000000021f39000 	/System/Library/PrivateFrameworks/Mangrove.framework/Versions/A/Mangrove
0x0000000021f39000 	/System/Library/Frameworks/CoreMedia.framework/Versions/A/CoreMedia
0x0000000021f39000 	/System/Library/Frameworks/VideoToolbox.framework/Versions/A/VideoToolbox
0x0000000021f39000 	/System/Library/PrivateFrameworks/CoreAUC.framework/Versions/A/CoreAUC
0x0000000021f39000 	/usr/lib/libspindump.dylib
0x0000000021f39000 	/usr/lib/libdscsym.dylib
0x0000000021f39000 	/System/Library/PrivateFrameworks/AppleVA.framework/Versions/A/AppleVA
0x0000000021f39000 	/System/Library/Frameworks/Accelerate.framework/Versions/A/Frameworks/vImage.framework/Versions/A/Libraries/libCGInterfaces.dylib
0x0000000021f39000 	/System/Library/Frameworks/ApplicationServices.framework/Versions/A/Frameworks/ATS.framework/Versions/A/Resources/libTrueTypeScaler.dylib
0x0000000021f39000 	/System/Library/Frameworks/OpenGL.framework/Versions/A/Resources/GLEngine.bundle/GLEngine
0x0000000021f39000 	/System/Library/Frameworks/OpenGL.framework/Versions/A/Libraries/libGLProgrammability.dylib
0x000000012932f000 	/System/Library/Extensions/AppleIntelHD5000GraphicsGLDriver.bundle/Contents/MacOS/AppleIntelHD5000GraphicsGLDriver
0x0000000021f39000 	/System/Library/PrivateFrameworks/GPUSupport.framework/Versions/A/Libraries/libGPUSupportMercury.dylib
0x0000000021f39000 	/System/Library/Frameworks/OpenGL.framework/Versions/A/Resources/GLRendererFloat.bundle/GLRendererFloat
0x0000000021f39000 	/System/Library/Frameworks/OpenCL.framework/Versions/A/Libraries/libcldcpuengine.dylib
0x0000000021f39000 	/usr/lib/libcrypto.35.dylib
0x0000000021f39000 	/System/Library/PrivateFrameworks/TrustEvaluationAgent.framework/Versions/A/TrustEvaluationAgent
0x0000000021f39000 	/System/Library/Extensions/AppleIntelHD5000GraphicsMTLDriver.bundle/Contents/MacOS/AppleIntelHD5000GraphicsMTLDriver
0x0000000021f39000 	/System/Library/PrivateFrameworks/GPUCompiler.framework/Versions/3802/Libraries/libmetal_timestamp.dylib
0x0000000021f39000 	/System/Library/PrivateFrameworks/FamilyControls.framework/Versions/A/FamilyControls
0x0000000021f39000 	/System/Library/PrivateFrameworks/CommerceKit.framework/Versions/A/Frameworks/CommerceCore.framework/Versions/A/CommerceCore
0x0000000021f39000 	/System/Library/PrivateFrameworks/SystemAdministration.framework/Versions/A/SystemAdministration
0x0000000021f39000 	/System/Library/PrivateFrameworks/AppContainer.framework/Versions/A/AppContainer
0x0000000021f39000 	/System/Library/PrivateFrameworks/SecCodeWrapper.framework/Versions/A/SecCodeWrapper
0x0000000021f39000 	/System/Library/PrivateFrameworks/DiskManagement.framework/Versions/A/DiskManagement
0x0000000021f39000 	/System/Library/Frameworks/DirectoryService.framework/Versions/A/DirectoryService
0x0000000021f39000 	/System/Library/PrivateFrameworks/DiskImages.framework/Versions/A/DiskImages
0x0000000021f39000 	/System/Library/PrivateFrameworks/LoginUIKit.framework/Versions/A/Frameworks/LoginUICore.framework/Versions/A/LoginUICore
0x0000000021f39000 	/usr/lib/libCoreStorage.dylib
0x0000000021f39000 	/usr/lib/libcsfde.dylib
0x0000000021f39000 	/usr/lib/libodfde.dylib
0x0000000021f39000 	/System/Library/PrivateFrameworks/MediaKit.framework/Versions/A/MediaKit
0x0000000021f39000 	/System/Library/Frameworks/DiscRecording.framework/Versions/A/DiscRecording
0x0000000021f39000 	/System/Library/PrivateFrameworks/EFILogin.framework/Versions/A/EFILogin
0x0000000021f39000 	/System/Library/PrivateFrameworks/ProtectedCloudStorage.framework/Versions/A/ProtectedCloudStorage
0x0000000021f39000 	/usr/lib/libcurl.4.dylib
0x0000000021f39000 	/usr/lib/libssl.35.dylib
0x0000000021f39000 	/System/Library/Frameworks/LDAP.framework/Versions/A/LDAP
0x0000000021f39000 	/usr/lib/libsasl2.2.dylib
0x0000000021f39000 	/System/Library/PrivateFrameworks/CoreDaemon.framework/Versions/B/CoreDaemon
0x0000000021f39000 	/System/Library/PrivateFrameworks/AppleSRP.framework/Versions/A/AppleSRP
0x000000012a66a000 	/Library/Java/JavaVirtualMachines/jdk1.8.0_51.jdk/Contents/Home/jre/lib/libfontmanager.dylib
0x000000012bcfa000 	/Library/Java/JavaVirtualMachines/jdk1.8.0_51.jdk/Contents/Home/jre/lib/libosxui.dylib
0x000000012cbc1000 	/Library/Java/JavaVirtualMachines/jdk1.8.0_51.jdk/Contents/Home/jre/lib/libnet.dylib
0x000000012cbd8000 	/Library/Java/JavaVirtualMachines/jdk1.8.0_51.jdk/Contents/Home/jre/lib/libnio.dylib
0x000000012d14c000 	/Users/SarahAllen/Documents/Honors Thesis/LeapDeveloperKit_2.3.1+31549_mac/LeapSDK/lib/libLeapJava.dylib
0x000000012db78000 	/Users/SarahAllen/Documents/Honors Thesis/LeapDeveloperKit_2.3.1+31549_mac/LeapSDK/lib/libLeap.dylib
0x000000012cf36000 	/Users/SarahAllen/Documents/Honors Thesis/SimpleOpenNI/library/libSimpleOpenNI.jnilib
0x00000001186a8000 	/Users/SarahAllen/Documents/Honors Thesis/SimpleOpenNI/library/./osx/libboost_thread-mt.dylib
0x00000001186d3000 	/Users/SarahAllen/Documents/Honors Thesis/SimpleOpenNI/library/./osx/libboost_system-mt.dylib
0x000000012cf89000 	/Users/SarahAllen/Documents/Honors Thesis/SimpleOpenNI/library/./osx/libOpenNI2.dylib
0x0000000136629000 	/Users/SarahAllen/Documents/Honors Thesis/SimpleOpenNI/library/./osx/libNiTE2.dylib
0x000000012d012000 	/Users/SarahAllen/Documents/Honors Thesis/SimpleOpenNI/library/osx/OpenNI2/Drivers/libFreenectDriver.dylib
0x00000001186da000 	/Users/SarahAllen/Documents/Honors Thesis/SimpleOpenNI/library/osx/OpenNI2/Drivers/./libfreenect.0.1.2.dylib
0x000000012d02c000 	/Users/SarahAllen/Documents/Honors Thesis/SimpleOpenNI/library/osx/OpenNI2/Drivers/././libusb-1.0.0.dylib
0x000000012d03e000 	/System/Library/Extensions/IOUSBFamily.kext/Contents/PlugIns/IOUSBLib.bundle/Contents/MacOS/IOUSBLib
0x000000012d054000 	/Users/SarahAllen/Documents/Honors Thesis/SimpleOpenNI/library/osx/OpenNI2/Drivers/libOniFile.dylib

VM Arguments:
jvm_args: -Djava.library.path=/Users/SarahAllen/Documents/Honors Thesis/LeapDeveloperKit_2.3.1+31549_mac/LeapSDK/lib -Djava.security.policy=java.policy.applet -Dfile.encoding=UTF-8 
java_command: sun.applet.AppletViewer programinterface.ProgramInterface1519070208148.html
java_class_path (initial): /Users/SarahAllen/Documents/Honors Thesis/ProgramInterface/bin:/Users/SarahAllen/Documents/Honors Thesis/controlp5-master.zip:/Users/SarahAllen/Documents/Honors Thesis/controlP5-2.2.5/controlP5/library/controlP5.jar:/Users/SarahAllen/Documents/Honors Thesis/LeapDeveloperKit_2.3.1+31549_mac/LeapSDK/lib/LeapJava.jar:/Users/SarahAllen/Documents/Honors Thesis/Processing 2.app/Contents/Java/core.jar:/Users/SarahAllen/Documents/Honors Thesis/Processing 2.app/Contents/Java/core/library/gluegen-rt-natives-linux-amd64.jar:/Users/SarahAllen/Documents/Honors Thesis/Processing 2.app/Contents/Java/core/library/gluegen-rt-natives-linux-armv6hf.jar:/Users/SarahAllen/Documents/Honors Thesis/Processing 2.app/Contents/Java/core/library/gluegen-rt-natives-linux-i586.jar:/Users/SarahAllen/Documents/Honors Thesis/Processing 2.app/Contents/Java/core/library/gluegen-rt-natives-macosx-universal.jar:/Users/SarahAllen/Documents/Honors Thesis/Processing 2.app/Contents/Java/core/library/gluegen-rt-natives-windows-amd64.jar:/Users/SarahAllen/Documents/Honors Thesis/Processing 2.app/Contents/Java/core/library/gluegen-rt-natives-windows-i586.jar:/Users/SarahAllen/Documents/Honors Thesis/Processing 2.app/Contents/Java/core/library/gluegen-rt.jar:/Users/SarahAllen/Documents/Honors Thesis/Processing 2.app/Contents/Java/core/library/jogl-all-natives-linux-amd64.jar:/Users/SarahAllen/Documents/Honors Thesis/Processing 2.app/Contents/Java/core/library/jogl-all-natives-linux-armv6hf.jar:/Users/SarahAllen/Documents/Honors Thesis/Processing 2.app/Contents/Java/core/library/jogl-all-natives-linux-i586.jar:/Users/SarahAllen/Documents/Honors Thesis/Processing 2.app/Contents/Java/core/library/jogl-all-natives-macosx-universal.jar:/Users/SarahAllen/Documents/Honors Thesis/Processing 2.app/Contents/Java/core/library/jogl-all-natives-windows-amd64.jar:/Users/SarahAllen/Documents/Honors Thesis/Processing 2.app/Contents/Java/core/library/jogl-all-natives-windows-i586.jar:/Users/SarahAl
Launcher Type: SUN_STANDARD

Environment Variables:
PATH=/usr/bin:/bin:/usr/sbin:/sbin
SHELL=/bin/bash
DISPLAY=/private/tmp/com.apple.launchd.E8ALzNYO9g/org.macosforge.xquartz:0

Signal Handlers:
SIGSEGV: [libjvm.dylib+0x58ef35], sa_mask[0]=11111111011111110111111111111111, sa_flags=SA_ONSTACK|SA_RESTART|SA_SIGINFO
SIGBUS: [libjvm.dylib+0x58ef35], sa_mask[0]=11111111011111110111111111111111, sa_flags=SA_RESTART|SA_SIGINFO
SIGFPE: [libjvm.dylib+0x46c028], sa_mask[0]=11111111011111110111111111111111, sa_flags=SA_RESTART|SA_SIGINFO
SIGPIPE: [libjvm.dylib+0x46c028], sa_mask[0]=11111111011111110111111111111111, sa_flags=SA_RESTART|SA_SIGINFO
SIGXFSZ: [libjvm.dylib+0x46c028], sa_mask[0]=11111111011111110111111111111111, sa_flags=SA_RESTART|SA_SIGINFO
SIGILL: [libjvm.dylib+0x46c028], sa_mask[0]=11111111011111110111111111111111, sa_flags=SA_RESTART|SA_SIGINFO
SIGUSR1: SIG_DFL, sa_mask[0]=00000000000000000000000000000000, sa_flags=none
SIGUSR2: [libjvm.dylib+0x46bb46], sa_mask[0]=00100000000000000000000000000000, sa_flags=SA_RESTART|SA_SIGINFO
SIGHUP: [libjvm.dylib+0x46a119], sa_mask[0]=11111111011111110111111111111111, sa_flags=SA_RESTART|SA_SIGINFO
SIGINT: [libjvm.dylib+0x46a119], sa_mask[0]=11111111011111110111111111111111, sa_flags=SA_RESTART|SA_SIGINFO
SIGTERM: [libjvm.dylib+0x46a119], sa_mask[0]=11111111011111110111111111111111, sa_flags=SA_RESTART|SA_SIGINFO
SIGQUIT: [libjvm.dylib+0x46a119], sa_mask[0]=11111111011111110111111111111111, sa_flags=SA_RESTART|SA_SIGINFO


---------------  S Y S T E M  ---------------

OS:Bsduname:Darwin 17.4.0 Darwin Kernel Version 17.4.0: Sun Dec 17 09:19:54 PST 2017; root:xnu-4570.41.2~1/RELEASE_X86_64 x86_64
rlimit: STACK 8192k, CORE 0k, NPROC 709, NOFILE 10240, AS infinity
load average:2.01 2.20 2.02

CPU:total 4 (2 cores per cpu, 2 threads per core) family 6 model 69 stepping 1, cmov, cx8, fxsr, mmx, sse, sse2, sse3, ssse3, sse4.1, sse4.2, popcnt, avx, avx2, aes, clmul, erms, lzcnt, ht, tsc, tscinvbit, bmi1, bmi2

Memory: 4k page, physical 8388608k(706476k free)

/proc/meminfo:


vm_info: Java HotSpot(TM) 64-Bit Server VM (25.51-b03) for bsd-amd64 JRE (1.8.0_51-b16), built on Jun  8 2015 18:01:11 by "java_re" with gcc 4.2.1 (Based on Apple Inc. build 5658) (LLVM build 2336.11.00)

time: Mon Feb 19 14:56:51 2018
elapsed time: 3 seconds (0d 0h 0m 3s)

