#
# A fatal error has been detected by the Java Runtime Environment:
#
#  SIGSEGV (0xb) at pc=0x00007fff714fac69, pid=3963, tid=53339
#
# JRE version: Java(TM) SE Runtime Environment (8.0_51-b16) (build 1.8.0_51-b16)
# Java VM: Java HotSpot(TM) 64-Bit Server VM (25.51-b03 mixed mode bsd-amd64 compressed oops)
# Problematic frame:
# C  [libsystem_platform.dylib+0x5c69]  _platform_bzero$VARIANT$Haswell+0x29
#
# Failed to write core dump. Core dumps have been disabled. To enable core dumping, try "ulimit -c unlimited" before starting Java again
#
# If you would like to submit a bug report, please visit:
#   http://bugreport.java.com/bugreport/crash.jsp
# The crash happened outside the Java Virtual Machine in native code.
# See problematic frame for where to report the bug.
#

---------------  T H R E A D  ---------------

Current thread (0x00007fabea1af800):  JavaThread "Animation Thread" [_thread_in_native, id=53339, stack(0x000070000bca2000,0x000070000bda2000)]

siginfo: si_signo: 11 (SIGSEGV), si_code: 1 (SEGV_MAPERR), si_addr: 0x0000000000000000

Registers:
RAX=0x0000000000000000, RBX=0x000000012f00041c, RCX=0x0000000000009600, RDX=0x0000000000000000
RSP=0x000070000bda0a20, RBP=0x000070000bda0a20, RSI=0x0000000000000000, RDI=0x0000000000000000
R8 =0x000000000000000e, R9 =0x0000000000000000, R10=0x00007fabeabe4080, R11=0x0000000000000140
R12=0x0000000000000002, R13=0x000000012f008018, R14=0x00007fabeabdec18, R15=0x0000000000001400
RIP=0x00007fff714fac69, EFLAGS=0x0000000000010206, ERR=0x0000000000000006
  TRAPNO=0x000000000000000e

Top of Stack: (sp=0x000070000bda0a20)
0x000070000bda0a20:   000070000bda0a70 000000012c5506bc
0x000070000bda0a30:   00007fabeabe4084 00007fabeabe407c
0x000070000bda0a40:   b5a0b8c4fe5e0095 000000012f008018
0x000070000bda0a50:   000000012f008000 000000012912af40
0x000070000bda0a60:   0000000130081d38 0000000000000001
0x000070000bda0a70:   000070000bda0b10 000000012c550263
0x000070000bda0a80:   00007fabe8fd3ea0 00007fabeabd6c60
0x000070000bda0a90:   0000000130081d38 000000000023584b
0x000070000bda0aa0:   000000000023584b 0000000000000000
0x000070000bda0ab0:   3ff0000000000000 00007fabeabd6c60
0x000070000bda0ac0:   0000010000000203 00007fabeb72cbd8
0x000070000bda0ad0:   000070000bda1468 00007fabea379230
0x000070000bda0ae0:   000070000bda0b10 00007fabe8fd3ea0
0x000070000bda0af0:   00007fabeabd6c00 000000012912af40
0x000070000bda0b00:   000070000bda1468 00007fabea379230
0x000070000bda0b10:   000070000bda1450 000000012c27e8ee
0x000070000bda0b20:   00000007979a15d0 000070000bda0b28
0x000070000bda0b30:   00000001106c1cc9 00007fabeabd6d40
0x000070000bda0b40:   00000001106c1f80 0000000000000000
0x000070000bda0b50:   000070000bda0c00 0000000116cc72ec
0x000070000bda0b60:   000070000bda0b78 000070000bda0bd0
0x000070000bda0b70:   0000000116a719d0 00007fabeabd6c60
0x000070000bda0b80:   00000007979a1690 00000007979a15d0
0x000070000bda0b90:   0000000797a9ad90 00000001107e94f9
0x000070000bda0ba0:   000070000bda0c00 0000000116a71c4d
0x000070000bda0bb0:   0000000116a71c4d 0000000797a9add0
0x000070000bda0bc0:   000070000bda0bc0 0000000110663443
0x000070000bda0bd0:   000070000bda0c08 0000000110669710
0x000070000bda0be0:   0000000000000000 0000000110663450
0x000070000bda0bf0:   0000000000000000 000070000bda0c10
0x000070000bda0c00:   000070000bda0c50 0000000116a71c4d
0x000070000bda0c10:   000070000bda0c10 00000001106bfa10 

Instructions: (pc=0x00007fff714fac69)
0x00007fff714fac49:   f6 0f 57 c0 48 89 f8 48 83 fa 40 72 61 48 81 fa
0x00007fff714fac59:   00 80 00 00 72 11 48 89 d1 48 89 f0 48 89 fa fc
0x00007fff714fac69:   f3 aa 48 89 d0 5d c3 c4 e2 7d 18 c0 c5 fc 11 07
0x00007fff714fac79:   48 83 c7 20 48 83 e7 e0 48 89 f9 48 29 c1 48 29 

Register to memory mapping:

RAX=0x0000000000000000 is an unknown value
RBX=0x000000012f00041c is an unknown value
RCX=0x0000000000009600 is an unknown value
RDX=0x0000000000000000 is an unknown value
RSP=0x000070000bda0a20 is pointing into the stack for thread: 0x00007fabea1af800
RBP=0x000070000bda0a20 is pointing into the stack for thread: 0x00007fabea1af800
RSI=0x0000000000000000 is an unknown value
RDI=0x0000000000000000 is an unknown value
R8 =0x000000000000000e is an unknown value
R9 =0x0000000000000000 is an unknown value
R10=0x00007fabeabe4080 is an unknown value
R11=0x0000000000000140 is an unknown value
R12=0x0000000000000002 is an unknown value
R13=0x000000012f008018 is an unknown value
R14=0x00007fabeabdec18 is an unknown value
R15=0x0000000000001400 is an unknown value


Stack: [0x000070000bca2000,0x000070000bda2000],  sp=0x000070000bda0a20,  free space=1018k
Native frames: (J=compiled Java code, j=interpreted, Vv=VM code, C=native code)
C  [libsystem_platform.dylib+0x5c69]  _platform_bzero$VARIANT$Haswell+0x29
C  [libNiTE2.dylib+0x2d56bc]  SceneAnalyzer::ShadowAlgo(NACommonData*, Resolution, Array2D<unsigned short>&)+0x4c
C  [libNiTE2.dylib+0x2d5263]  SceneAnalyzer::Update(std::vector<Vector2D<int>, std::allocator<Vector2D<int> > > const*, int)+0xa3
C  [libNiTE2.dylib+0x38ee]  UserTracker::getNextFrame(NiteUserTrackerFrame**)+0xbe
C  [libSimpleOpenNI.jnilib+0x14f79]  nite::UserTracker::readFrame(nite::UserTrackerFrameRef*)+0x29
C  [libSimpleOpenNI.jnilib+0x11433]  sOpenNI::ContextWrapper::updateSub()+0x83
C  [libSimpleOpenNI.jnilib+0x11054]  sOpenNI::ContextWrapper::update()+0x174
j  SimpleOpenNI.SimpleOpenNIJNI.ContextWrapper_updateSwigExplicitContextWrapper(JLSimpleOpenNI/ContextWrapper;)V+0
j  SimpleOpenNI.ContextWrapper.update()V+26
j  SimpleOpenNI.SimpleOpenNI.update()V+1
j  edu.elon.kinect.BodyMovement.draw()V+4
j  processing.core.PApplet.handleDraw()V+231
j  processing.core.PGraphicsJava2D.requestDraw()V+4
j  processing.core.PApplet.run()V+156
j  java.lang.Thread.run()V+11
v  ~StubRoutines::call_stub
V  [libjvm.dylib+0x2e01e2]  JavaCalls::call_helper(JavaValue*, methodHandle*, JavaCallArguments*, Thread*)+0x6ae
V  [libjvm.dylib+0x2e0970]  JavaCalls::call_virtual(JavaValue*, KlassHandle, Symbol*, Symbol*, JavaCallArguments*, Thread*)+0x164
V  [libjvm.dylib+0x2e0b1c]  JavaCalls::call_virtual(JavaValue*, Handle, KlassHandle, Symbol*, Symbol*, Thread*)+0x4a
V  [libjvm.dylib+0x33305d]  thread_entry(JavaThread*, Thread*)+0x7c
V  [libjvm.dylib+0x549a6f]  JavaThread::thread_main_inner()+0x9b
V  [libjvm.dylib+0x54b160]  JavaThread::run()+0x1c2
V  [libjvm.dylib+0x46e99e]  java_start(Thread*)+0xf6
C  [libsystem_pthread.dylib+0x36c1]  _pthread_body+0x154
C  [libsystem_pthread.dylib+0x356d]  _pthread_body+0x0
C  [libsystem_pthread.dylib+0x2c5d]  thread_start+0xd
C  0x0000000000000000

Java frames: (J=compiled Java code, j=interpreted, Vv=VM code)
j  SimpleOpenNI.SimpleOpenNIJNI.ContextWrapper_updateSwigExplicitContextWrapper(JLSimpleOpenNI/ContextWrapper;)V+0
j  SimpleOpenNI.ContextWrapper.update()V+26
j  SimpleOpenNI.SimpleOpenNI.update()V+1
j  edu.elon.kinect.BodyMovement.draw()V+4
j  processing.core.PApplet.handleDraw()V+231
j  processing.core.PGraphicsJava2D.requestDraw()V+4
j  processing.core.PApplet.run()V+156
j  java.lang.Thread.run()V+11
v  ~StubRoutines::call_stub

---------------  P R O C E S S  ---------------

Java Threads: ( => current thread )
  0x00007fabe917d800 JavaThread "Thread-5" [_thread_in_native, id=72743, stack(0x000070000bfae000,0x000070000c0ae000)]
  0x00007fabeabe6000 JavaThread "Thread-4" [_thread_blocked, id=71711, stack(0x000070000c3bd000,0x000070000c4bd000)]
  0x00007fabeafde800 JavaThread "Thread-3" [_thread_in_native, id=55299, stack(0x000070000c2ba000,0x000070000c3ba000)]
  0x00007fabea3a5800 JavaThread "Thread-2" [_thread_blocked, id=72195, stack(0x000070000c1b7000,0x000070000c2b7000)]
  0x00007fabe9961000 JavaThread "Timer-0" [_thread_blocked, id=55019, stack(0x000070000c0b4000,0x000070000c1b4000)]
=>0x00007fabea1af800 JavaThread "Animation Thread" [_thread_in_native, id=53339, stack(0x000070000bca2000,0x000070000bda2000)]
  0x00007fabea2c1000 JavaThread "AWT-EventQueue-1" [_thread_blocked, id=76323, stack(0x000070000bda5000,0x000070000bea5000)]
  0x00007fabe9809800 JavaThread "DestroyJavaVM" [_thread_blocked, id=9731, stack(0x000070000a657000,0x000070000a757000)]
  0x00007fabeab51000 JavaThread "AWT-EventQueue-0" [_thread_blocked, id=77835, stack(0x000070000bb9f000,0x000070000bc9f000)]
  0x00007fabe906a000 JavaThread "thread applet-edu.elon.kinect.BodyMovement.class" [_thread_in_native, id=79623, stack(0x000070000ba19000,0x000070000bb19000)]
  0x00007fabea0d3000 JavaThread "Java2D Disposer" daemon [_thread_blocked, id=51219, stack(0x000070000b916000,0x000070000ba16000)]
  0x00007fabe90b3000 JavaThread "Java2D Queue Flusher" daemon [_thread_blocked, id=84607, stack(0x000070000b813000,0x000070000b913000)]
  0x00007fabea858000 JavaThread "AWT-Shutdown" [_thread_blocked, id=38955, stack(0x000070000b587000,0x000070000b687000)]
  0x00007fabea85a000 JavaThread "AppKit Thread" daemon [_thread_in_native, id=775, stack(0x00007ffee57c2000,0x00007ffee5fc2000)]
  0x00007fabea81f800 JavaThread "Service Thread" daemon [_thread_blocked, id=14595, stack(0x000070000b2fe000,0x000070000b3fe000)]
  0x00007fabe9014000 JavaThread "C1 CompilerThread2" daemon [_thread_blocked, id=14083, stack(0x000070000b1fb000,0x000070000b2fb000)]
  0x00007fabea81c800 JavaThread "C2 CompilerThread1" daemon [_thread_blocked, id=13571, stack(0x000070000b0f8000,0x000070000b1f8000)]
  0x00007fabea82b800 JavaThread "C2 CompilerThread0" daemon [_thread_blocked, id=13315, stack(0x000070000aff5000,0x000070000b0f5000)]
  0x00007fabea82a800 JavaThread "Signal Dispatcher" daemon [_thread_blocked, id=12803, stack(0x000070000aef2000,0x000070000aff2000)]
  0x00007fabe9002800 JavaThread "Finalizer" daemon [_thread_blocked, id=20483, stack(0x000070000ad6c000,0x000070000ae6c000)]
  0x00007fabe9002000 JavaThread "Reference Handler" daemon [_thread_blocked, id=20995, stack(0x000070000ac69000,0x000070000ad69000)]

Other Threads:
  0x00007fabea057800 VMThread [stack: 0x000070000ab66000,0x000070000ac66000] [id=11523]
  0x00007fabe9808000 WatcherThread [stack: 0x000070000b401000,0x000070000b501000] [id=17155]

VM state:not at safepoint (normal execution)

VM Mutex/Monitor currently owned by a thread: None

Heap:
 PSYoungGen      total 38400K, used 16200K [0x0000000795580000, 0x0000000798000000, 0x00000007c0000000)
  eden space 33280K, 33% used [0x0000000795580000,0x0000000796057de8,0x0000000797600000)
  from space 5120K, 99% used [0x0000000797600000,0x0000000797afa380,0x0000000797b00000)
  to   space 5120K, 0% used [0x0000000797b00000,0x0000000797b00000,0x0000000798000000)
 ParOldGen       total 87552K, used 13477K [0x0000000740000000, 0x0000000745580000, 0x0000000795580000)
  object space 87552K, 15% used [0x0000000740000000,0x0000000740d294a8,0x0000000745580000)
 Metaspace       used 11810K, capacity 12028K, committed 12160K, reserved 1060864K
  class space    used 1343K, capacity 1408K, committed 1408K, reserved 1048576K

Card table byte_map: [0x000000010b83e000,0x000000010bc3f000] byte_map_base: 0x0000000107e3e000

Marking Bits: (ParMarkBitMap*) 0x000000010a5397a0
 Begin Bits: [0x000000010beea000, 0x000000010deea000)
 End Bits:   [0x000000010deea000, 0x000000010feea000)

Polling page: 0x000000010abee000

CodeCache: size=245760Kb used=2858Kb max_used=2858Kb free=242901Kb
 bounds [0x0000000116a6a000, 0x0000000116d3a000, 0x0000000125a6a000]
 total_blobs=1241 nmethods=704 adapters=451
 compilation: enabled

Compilation events (10 events):
Event: 4.547 Thread 0x00007fabe9014000  696       1       sun.java2d.loops.SurfaceType::getSuperType (5 bytes)
Event: 4.548 Thread 0x00007fabe9014000 nmethod 696 0x0000000116d31510 code [0x0000000116d31660, 0x0000000116d31770]
Event: 4.555 Thread 0x00007fabe9014000  699       3       java.lang.Math::getExponent (17 bytes)
Event: 4.556 Thread 0x00007fabe9014000 nmethod 699 0x0000000116d311d0 code [0x0000000116d31320, 0x0000000116d31490]
Event: 4.556 Thread 0x00007fabe9014000  697       3       java.awt.EventQueue::postEvent (13 bytes)
Event: 4.556 Thread 0x00007fabe9014000 nmethod 697 0x0000000116d30a50 code [0x0000000116d30c00, 0x0000000116d31028]
Event: 4.556 Thread 0x00007fabe9014000  698   !   3       java.awt.EventQueue::postEventPrivate (104 bytes)
Event: 4.565 Thread 0x00007fabe9014000 nmethod 698 0x0000000116d32010 code [0x0000000116d32260, 0x0000000116d33088]
Event: 4.565 Thread 0x00007fabe9014000  700       1       sun.java2d.SurfaceData::isValid (5 bytes)
Event: 4.565 Thread 0x00007fabe9014000 nmethod 700 0x0000000116d31d50 code [0x0000000116d31ea0, 0x0000000116d31fb0]

GC Heap History (2 events):
Event: 4.055 GC heap before
{Heap before GC invocations=1 (full 0):
 PSYoungGen      total 38400K, used 33280K [0x0000000795580000, 0x0000000798000000, 0x00000007c0000000)
  eden space 33280K, 100% used [0x0000000795580000,0x0000000797600000,0x0000000797600000)
  from space 5120K, 0% used [0x0000000797b00000,0x0000000797b00000,0x0000000798000000)
  to   space 5120K, 0% used [0x0000000797600000,0x0000000797600000,0x0000000797b00000)
 ParOldGen       total 87552K, used 0K [0x0000000740000000, 0x0000000745580000, 0x0000000795580000)
  object space 87552K, 0% used [0x0000000740000000,0x0000000740000000,0x0000000745580000)
 Metaspace       used 10940K, capacity 11100K, committed 11392K, reserved 1058816K
  class space    used 1247K, capacity 1312K, committed 1408K, reserved 1048576K
Event: 4.074 GC heap after
Heap after GC invocations=1 (full 0):
 PSYoungGen      total 38400K, used 5096K [0x0000000795580000, 0x0000000798000000, 0x00000007c0000000)
  eden space 33280K, 0% used [0x0000000795580000,0x0000000795580000,0x0000000797600000)
  from space 5120K, 99% used [0x0000000797600000,0x0000000797afa380,0x0000000797b00000)
  to   space 5120K, 0% used [0x0000000797b00000,0x0000000797b00000,0x0000000798000000)
 ParOldGen       total 87552K, used 13477K [0x0000000740000000, 0x0000000745580000, 0x0000000795580000)
  object space 87552K, 15% used [0x0000000740000000,0x0000000740d294a8,0x0000000745580000)
 Metaspace       used 10940K, capacity 11100K, committed 11392K, reserved 1058816K
  class space    used 1247K, capacity 1312K, committed 1408K, reserved 1048576K
}

Deoptimization events (2 events):
Event: 2.109 Thread 0x00007fabe994c800 Uncommon trap: reason=unstable_if action=reinterpret pc=0x0000000116c68080 method=java.lang.String.toLowerCase(Ljava/util/Locale;)Ljava/lang/String; @ 85
Event: 4.077 Thread 0x00007fabea1af800 Uncommon trap: reason=unstable_if action=reinterpret pc=0x0000000116d088b4 method=SimpleOpenNI.SimpleOpenNI.setupDepth()V @ 60

Internal exceptions (10 events):
Event: 0.141 Thread 0x00007fabe9809800 Exception <a 'java/security/PrivilegedActionException'> (0x00000007956089e0) thrown at [/Users/java_re/workspace/8-2-build-macosx-x86_64/jdk8u51/3951/hotspot/src/share/vm/prims/jvm.cpp, line 1382]
Event: 0.141 Thread 0x00007fabe9809800 Exception <a 'java/security/PrivilegedActionException'> (0x0000000795608b98) thrown at [/Users/java_re/workspace/8-2-build-macosx-x86_64/jdk8u51/3951/hotspot/src/share/vm/prims/jvm.cpp, line 1382]
Event: 0.142 Thread 0x00007fabe9809800 Exception <a 'java/security/PrivilegedActionException'> (0x000000079560bd88) thrown at [/Users/java_re/workspace/8-2-build-macosx-x86_64/jdk8u51/3951/hotspot/src/share/vm/prims/jvm.cpp, line 1382]
Event: 0.142 Thread 0x00007fabe9809800 Exception <a 'java/security/PrivilegedActionException'> (0x000000079560bf40) thrown at [/Users/java_re/workspace/8-2-build-macosx-x86_64/jdk8u51/3951/hotspot/src/share/vm/prims/jvm.cpp, line 1382]
Event: 0.395 Thread 0x00007fabe9809800 Exception <a 'java/io/FileNotFoundException'> (0x000000079579eaf8) thrown at [/Users/java_re/workspace/8-2-build-macosx-x86_64/jdk8u51/3951/hotspot/src/share/vm/prims/jni.cpp, line 709]
Event: 0.395 Thread 0x00007fabe9809800 Exception <a 'java/io/FileNotFoundException'> (0x000000079579f638) thrown at [/Users/java_re/workspace/8-2-build-macosx-x86_64/jdk8u51/3951/hotspot/src/share/vm/prims/jni.cpp, line 709]
Event: 0.483 Thread 0x00007fabe9809800 Exception <a 'java/lang/NoSuchFieldError': method resolution failed> (0x0000000795a79c48) thrown at [/Users/java_re/workspace/8-2-build-macosx-x86_64/jdk8u51/3951/hotspot/src/share/vm/prims/methodHandles.cpp, line 1125]
Event: 0.486 Thread 0x00007fabe9809800 Exception <a 'java/lang/NoSuchFieldError': method resolution failed> (0x0000000795a88628) thrown at [/Users/java_re/workspace/8-2-build-macosx-x86_64/jdk8u51/3951/hotspot/src/share/vm/prims/methodHandles.cpp, line 1125]
Event: 0.572 Thread 0x00007fabe9809800 Exception <a 'java/io/FileNotFoundException'> (0x0000000795c057e8) thrown at [/Users/java_re/workspace/8-2-build-macosx-x86_64/jdk8u51/3951/hotspot/src/share/vm/prims/jni.cpp, line 709]
Event: 4.076 Thread 0x00007fabe9002800 Exception <a 'java/lang/NullPointerException'> (0x000000079583c810) thrown at [/Users/java_re/workspace/8-2-build-macosx-x86_64/jdk8u51/3951/hotspot/src/share/vm/interpreter/linkResolver.cpp, line 1178]

Events (10 events):
Event: 4.549 loading class sun/applet/AppletViewer$3 done
Event: 4.550 Thread 0x00007fabeabe6000 Thread added: 0x00007fabeabe6000
Event: 4.550 loading class sun/applet/AppletPanel$4
Event: 4.550 loading class sun/applet/AppletPanel$4 done
Event: 4.551 loading class java/awt/KeyboardFocusManager$2
Event: 4.552 loading class java/awt/KeyboardFocusManager$2 done
Event: 4.552 loading class sun/awt/SunToolkit$1
Event: 4.552 loading class sun/awt/SunToolkit$1 done
Event: 4.554 loading class java/net/InetSocketAddress$InetSocketAddressHolder
Event: 4.554 loading class java/net/InetSocketAddress$InetSocketAddressHolder done


Dynamic libraries:
0x0000000021f39000 	/System/Library/Frameworks/Cocoa.framework/Versions/A/Cocoa
0x0000000021f39000 	/System/Library/Frameworks/Security.framework/Versions/A/Security
0x0000000021f39000 	/System/Library/Frameworks/ApplicationServices.framework/Versions/A/ApplicationServices
0x0000000021f39000 	/usr/lib/libz.1.dylib
0x0000000021f39000 	/usr/lib/libSystem.B.dylib
0x0000000021f39000 	/usr/lib/libobjc.A.dylib
0x0000000021f39000 	/System/Library/Frameworks/CoreFoundation.framework/Versions/A/CoreFoundation
0x0000000021f39000 	/System/Library/Frameworks/Foundation.framework/Versions/C/Foundation
0x0000000021f39000 	/System/Library/Frameworks/AppKit.framework/Versions/C/AppKit
0x0000000021f39000 	/System/Library/Frameworks/CoreData.framework/Versions/A/CoreData
0x0000000021f39000 	/System/Library/PrivateFrameworks/RemoteViewServices.framework/Versions/A/RemoteViewServices
0x0000000021f39000 	/System/Library/PrivateFrameworks/UIFoundation.framework/Versions/A/UIFoundation
0x0000000021f39000 	/System/Library/PrivateFrameworks/DFRFoundation.framework/Versions/A/DFRFoundation
0x0000000021f39000 	/System/Library/Frameworks/Metal.framework/Versions/A/Metal
0x0000000021f39000 	/System/Library/PrivateFrameworks/DesktopServicesPriv.framework/Versions/A/DesktopServicesPriv
0x0000000021f39000 	/usr/lib/libenergytrace.dylib
0x0000000021f39000 	/System/Library/PrivateFrameworks/SkyLight.framework/Versions/A/SkyLight
0x0000000021f39000 	/System/Library/Frameworks/CoreGraphics.framework/Versions/A/CoreGraphics
0x0000000021f39000 	/usr/lib/libScreenReader.dylib
0x0000000021f39000 	/System/Library/Frameworks/Accelerate.framework/Versions/A/Accelerate
0x0000000021f39000 	/System/Library/Frameworks/IOSurface.framework/Versions/A/IOSurface
0x0000000021f39000 	/System/Library/Frameworks/AudioToolbox.framework/Versions/A/AudioToolbox
0x0000000021f39000 	/System/Library/Frameworks/AudioUnit.framework/Versions/A/AudioUnit
0x0000000021f39000 	/System/Library/PrivateFrameworks/DataDetectorsCore.framework/Versions/A/DataDetectorsCore
0x0000000021f39000 	/System/Library/Frameworks/Carbon.framework/Versions/A/Frameworks/HIToolbox.framework/Versions/A/HIToolbox
0x0000000021f39000 	/usr/lib/libicucore.A.dylib
0x0000000021f39000 	/System/Library/Frameworks/QuartzCore.framework/Versions/A/QuartzCore
0x0000000021f39000 	/System/Library/Frameworks/Carbon.framework/Versions/A/Frameworks/SpeechRecognition.framework/Versions/A/SpeechRecognition
0x0000000021f39000 	/usr/lib/libauto.dylib
0x0000000021f39000 	/usr/lib/libxml2.2.dylib
0x0000000021f39000 	/System/Library/PrivateFrameworks/CoreUI.framework/Versions/A/CoreUI
0x0000000021f39000 	/System/Library/Frameworks/CoreAudio.framework/Versions/A/CoreAudio
0x0000000021f39000 	/System/Library/Frameworks/DiskArbitration.framework/Versions/A/DiskArbitration
0x0000000021f39000 	/usr/lib/liblangid.dylib
0x0000000021f39000 	/System/Library/PrivateFrameworks/MultitouchSupport.framework/Versions/A/MultitouchSupport
0x0000000021f39000 	/System/Library/Frameworks/IOKit.framework/Versions/A/IOKit
0x0000000021f39000 	/usr/lib/libDiagnosticMessagesClient.dylib
0x0000000021f39000 	/System/Library/Frameworks/CoreServices.framework/Versions/A/CoreServices
0x0000000021f39000 	/System/Library/PrivateFrameworks/PerformanceAnalysis.framework/Versions/A/PerformanceAnalysis
0x0000000021f39000 	/System/Library/Frameworks/OpenGL.framework/Versions/A/OpenGL
0x0000000021f39000 	/System/Library/Frameworks/ColorSync.framework/Versions/A/ColorSync
0x0000000021f39000 	/System/Library/Frameworks/CoreImage.framework/Versions/A/CoreImage
0x0000000021f39000 	/System/Library/Frameworks/CoreText.framework/Versions/A/CoreText
0x0000000021f39000 	/System/Library/Frameworks/ImageIO.framework/Versions/A/ImageIO
0x0000000021f39000 	/System/Library/PrivateFrameworks/Backup.framework/Versions/A/Backup
0x0000000021f39000 	/usr/lib/libarchive.2.dylib
0x0000000021f39000 	/System/Library/Frameworks/CFNetwork.framework/Versions/A/CFNetwork
0x0000000021f39000 	/System/Library/Frameworks/SystemConfiguration.framework/Versions/A/SystemConfiguration
0x0000000021f39000 	/usr/lib/libCRFSuite.dylib
0x0000000021f39000 	/usr/lib/libc++.1.dylib
0x0000000021f39000 	/usr/lib/libc++abi.dylib
0x0000000021f39000 	/usr/lib/system/libcache.dylib
0x0000000021f39000 	/usr/lib/system/libcommonCrypto.dylib
0x0000000021f39000 	/usr/lib/system/libcompiler_rt.dylib
0x0000000021f39000 	/usr/lib/system/libcopyfile.dylib
0x0000000021f39000 	/usr/lib/system/libcorecrypto.dylib
0x0000000021f39000 	/usr/lib/system/libdispatch.dylib
0x0000000021f39000 	/usr/lib/system/libdyld.dylib
0x0000000021f39000 	/usr/lib/system/libkeymgr.dylib
0x0000000021f39000 	/usr/lib/system/liblaunch.dylib
0x0000000021f39000 	/usr/lib/system/libmacho.dylib
0x0000000021f39000 	/usr/lib/system/libquarantine.dylib
0x0000000021f39000 	/usr/lib/system/libremovefile.dylib
0x0000000021f39000 	/usr/lib/system/libsystem_asl.dylib
0x0000000021f39000 	/usr/lib/system/libsystem_blocks.dylib
0x0000000021f39000 	/usr/lib/system/libsystem_c.dylib
0x0000000021f39000 	/usr/lib/system/libsystem_configuration.dylib
0x0000000021f39000 	/usr/lib/system/libsystem_coreservices.dylib
0x0000000021f39000 	/usr/lib/system/libsystem_darwin.dylib
0x0000000021f39000 	/usr/lib/system/libsystem_dnssd.dylib
0x0000000021f39000 	/usr/lib/system/libsystem_info.dylib
0x0000000021f39000 	/usr/lib/system/libsystem_m.dylib
0x0000000021f39000 	/usr/lib/system/libsystem_malloc.dylib
0x0000000021f39000 	/usr/lib/system/libsystem_network.dylib
0x0000000021f39000 	/usr/lib/system/libsystem_networkextension.dylib
0x0000000021f39000 	/usr/lib/system/libsystem_notify.dylib
0x0000000021f39000 	/usr/lib/system/libsystem_sandbox.dylib
0x0000000021f39000 	/usr/lib/system/libsystem_secinit.dylib
0x0000000021f39000 	/usr/lib/system/libsystem_kernel.dylib
0x0000000021f39000 	/usr/lib/system/libsystem_platform.dylib
0x0000000021f39000 	/usr/lib/system/libsystem_pthread.dylib
0x0000000021f39000 	/usr/lib/system/libsystem_symptoms.dylib
0x0000000021f39000 	/usr/lib/system/libsystem_trace.dylib
0x0000000021f39000 	/usr/lib/system/libunwind.dylib
0x0000000021f39000 	/usr/lib/system/libxpc.dylib
0x0000000021f39000 	/usr/lib/closure/libclosured.dylib
0x0000000021f39000 	/usr/lib/libbsm.0.dylib
0x0000000021f39000 	/usr/lib/system/libkxld.dylib
0x0000000021f39000 	/usr/lib/libOpenScriptingUtil.dylib
0x0000000021f39000 	/usr/lib/libcoretls.dylib
0x0000000021f39000 	/usr/lib/libcoretls_cfhelpers.dylib
0x0000000021f39000 	/usr/lib/libpam.2.dylib
0x0000000021f39000 	/usr/lib/libsqlite3.dylib
0x0000000021f39000 	/usr/lib/libxar.1.dylib
0x0000000021f39000 	/usr/lib/libbz2.1.0.dylib
0x0000000021f39000 	/usr/lib/liblzma.5.dylib
0x0000000021f39000 	/usr/lib/libnetwork.dylib
0x0000000021f39000 	/usr/lib/libapple_nghttp2.dylib
0x0000000021f39000 	/usr/lib/libpcap.A.dylib
0x0000000021f39000 	/usr/lib/libboringssl.dylib
0x0000000021f39000 	/usr/lib/libusrtcp.dylib
0x0000000021f39000 	/usr/lib/libapple_crypto.dylib
0x0000000021f39000 	/System/Library/Frameworks/CoreServices.framework/Versions/A/Frameworks/FSEvents.framework/Versions/A/FSEvents
0x0000000021f39000 	/System/Library/Frameworks/CoreServices.framework/Versions/A/Frameworks/CarbonCore.framework/Versions/A/CarbonCore
0x0000000021f39000 	/System/Library/Frameworks/CoreServices.framework/Versions/A/Frameworks/Metadata.framework/Versions/A/Metadata
0x0000000021f39000 	/System/Library/Frameworks/CoreServices.framework/Versions/A/Frameworks/OSServices.framework/Versions/A/OSServices
0x0000000021f39000 	/System/Library/Frameworks/CoreServices.framework/Versions/A/Frameworks/SearchKit.framework/Versions/A/SearchKit
0x0000000021f39000 	/System/Library/Frameworks/CoreServices.framework/Versions/A/Frameworks/AE.framework/Versions/A/AE
0x0000000021f39000 	/System/Library/Frameworks/CoreServices.framework/Versions/A/Frameworks/LaunchServices.framework/Versions/A/LaunchServices
0x0000000021f39000 	/System/Library/Frameworks/CoreServices.framework/Versions/A/Frameworks/DictionaryServices.framework/Versions/A/DictionaryServices
0x0000000021f39000 	/System/Library/Frameworks/CoreServices.framework/Versions/A/Frameworks/SharedFileList.framework/Versions/A/SharedFileList
0x0000000021f39000 	/System/Library/Frameworks/NetFS.framework/Versions/A/NetFS
0x0000000021f39000 	/System/Library/PrivateFrameworks/NetAuth.framework/Versions/A/NetAuth
0x0000000021f39000 	/System/Library/PrivateFrameworks/login.framework/Versions/A/Frameworks/loginsupport.framework/Versions/A/loginsupport
0x0000000021f39000 	/System/Library/PrivateFrameworks/TCC.framework/Versions/A/TCC
0x0000000021f39000 	/usr/lib/libmecabra.dylib
0x0000000021f39000 	/System/Library/Frameworks/ApplicationServices.framework/Versions/A/Frameworks/ATS.framework/Versions/A/ATS
0x0000000021f39000 	/System/Library/Frameworks/ApplicationServices.framework/Versions/A/Frameworks/ColorSyncLegacy.framework/Versions/A/ColorSyncLegacy
0x0000000021f39000 	/System/Library/Frameworks/ApplicationServices.framework/Versions/A/Frameworks/HIServices.framework/Versions/A/HIServices
0x0000000021f39000 	/System/Library/Frameworks/ApplicationServices.framework/Versions/A/Frameworks/LangAnalysis.framework/Versions/A/LangAnalysis
0x0000000021f39000 	/System/Library/Frameworks/ApplicationServices.framework/Versions/A/Frameworks/PrintCore.framework/Versions/A/PrintCore
0x0000000021f39000 	/System/Library/Frameworks/ApplicationServices.framework/Versions/A/Frameworks/QD.framework/Versions/A/QD
0x0000000021f39000 	/System/Library/Frameworks/ApplicationServices.framework/Versions/A/Frameworks/SpeechSynthesis.framework/Versions/A/SpeechSynthesis
0x0000000021f39000 	/System/Library/Frameworks/CoreDisplay.framework/Versions/A/CoreDisplay
0x0000000021f39000 	/System/Library/Frameworks/Accelerate.framework/Versions/A/Frameworks/vImage.framework/Versions/A/vImage
0x0000000021f39000 	/System/Library/Frameworks/Accelerate.framework/Versions/A/Frameworks/vecLib.framework/Versions/A/vecLib
0x0000000021f39000 	/System/Library/Frameworks/Accelerate.framework/Versions/A/Frameworks/vecLib.framework/Versions/A/libvDSP.dylib
0x0000000021f39000 	/System/Library/Frameworks/Accelerate.framework/Versions/A/Frameworks/vecLib.framework/Versions/A/libBNNS.dylib
0x0000000021f39000 	/System/Library/Frameworks/Accelerate.framework/Versions/A/Frameworks/vecLib.framework/Versions/A/libQuadrature.dylib
0x0000000021f39000 	/System/Library/Frameworks/Accelerate.framework/Versions/A/Frameworks/vecLib.framework/Versions/A/libvMisc.dylib
0x0000000021f39000 	/System/Library/Frameworks/Accelerate.framework/Versions/A/Frameworks/vecLib.framework/Versions/A/libLAPACK.dylib
0x0000000021f39000 	/System/Library/Frameworks/Accelerate.framework/Versions/A/Frameworks/vecLib.framework/Versions/A/libBLAS.dylib
0x0000000021f39000 	/System/Library/Frameworks/Accelerate.framework/Versions/A/Frameworks/vecLib.framework/Versions/A/libLinearAlgebra.dylib
0x0000000021f39000 	/System/Library/Frameworks/Accelerate.framework/Versions/A/Frameworks/vecLib.framework/Versions/A/libSparse.dylib
0x0000000021f39000 	/System/Library/Frameworks/Accelerate.framework/Versions/A/Frameworks/vecLib.framework/Versions/A/libSparseBLAS.dylib
0x0000000021f39000 	/System/Library/PrivateFrameworks/IOAccelerator.framework/Versions/A/IOAccelerator
0x0000000021f39000 	/System/Library/PrivateFrameworks/IOPresentment.framework/Versions/A/IOPresentment
0x0000000021f39000 	/System/Library/PrivateFrameworks/DSExternalDisplay.framework/Versions/A/DSExternalDisplay
0x0000000021f39000 	/System/Library/Frameworks/OpenGL.framework/Versions/A/Libraries/libCoreFSCache.dylib
0x0000000021f39000 	/System/Library/Frameworks/CoreVideo.framework/Versions/A/CoreVideo
0x0000000021f39000 	/System/Library/PrivateFrameworks/GraphVisualizer.framework/Versions/A/GraphVisualizer
0x0000000021f39000 	/System/Library/Frameworks/MetalPerformanceShaders.framework/Versions/A/MetalPerformanceShaders
0x0000000021f39000 	/usr/lib/libFosl_dynamic.dylib
0x0000000021f39000 	/System/Library/PrivateFrameworks/FaceCore.framework/Versions/A/FaceCore
0x0000000021f39000 	/System/Library/Frameworks/OpenCL.framework/Versions/A/OpenCL
0x0000000021f39000 	/usr/lib/libcompression.dylib
0x0000000021f39000 	/System/Library/Frameworks/ApplicationServices.framework/Versions/A/Frameworks/ATS.framework/Versions/A/Resources/libFontParser.dylib
0x0000000021f39000 	/System/Library/Frameworks/ApplicationServices.framework/Versions/A/Frameworks/ATS.framework/Versions/A/Resources/libFontRegistry.dylib
0x0000000021f39000 	/System/Library/Frameworks/ImageIO.framework/Versions/A/Resources/libJPEG.dylib
0x0000000021f39000 	/System/Library/Frameworks/ImageIO.framework/Versions/A/Resources/libTIFF.dylib
0x0000000021f39000 	/System/Library/Frameworks/ImageIO.framework/Versions/A/Resources/libPng.dylib
0x0000000021f39000 	/System/Library/Frameworks/ImageIO.framework/Versions/A/Resources/libGIF.dylib
0x0000000021f39000 	/System/Library/Frameworks/ImageIO.framework/Versions/A/Resources/libJP2.dylib
0x0000000021f39000 	/System/Library/Frameworks/ImageIO.framework/Versions/A/Resources/libRadiance.dylib
0x0000000021f39000 	/System/Library/PrivateFrameworks/AppleJPEG.framework/Versions/A/AppleJPEG
0x0000000021f39000 	/System/Library/PrivateFrameworks/MetalTools.framework/Versions/A/MetalTools
0x0000000021f39000 	/System/Library/Frameworks/MetalPerformanceShaders.framework/Frameworks/MPSCore.framework/Versions/A/MPSCore
0x0000000021f39000 	/System/Library/Frameworks/MetalPerformanceShaders.framework/Frameworks/MPSImage.framework/Versions/A/MPSImage
0x0000000021f39000 	/System/Library/Frameworks/MetalPerformanceShaders.framework/Frameworks/MPSMatrix.framework/Versions/A/MPSMatrix
0x0000000021f39000 	/System/Library/Frameworks/MetalPerformanceShaders.framework/Frameworks/MPSNeuralNetwork.framework/Versions/A/MPSNeuralNetwork
0x0000000021f39000 	/System/Library/Frameworks/OpenGL.framework/Versions/A/Libraries/libGLU.dylib
0x0000000021f39000 	/System/Library/Frameworks/OpenGL.framework/Versions/A/Libraries/libGFXShared.dylib
0x0000000021f39000 	/System/Library/Frameworks/OpenGL.framework/Versions/A/Libraries/libGL.dylib
0x0000000021f39000 	/System/Library/Frameworks/OpenGL.framework/Versions/A/Libraries/libGLImage.dylib
0x0000000021f39000 	/System/Library/Frameworks/OpenGL.framework/Versions/A/Libraries/libCVMSPluginSupport.dylib
0x0000000021f39000 	/System/Library/Frameworks/OpenGL.framework/Versions/A/Libraries/libCoreVMClient.dylib
0x0000000021f39000 	/usr/lib/libcups.2.dylib
0x0000000021f39000 	/System/Library/Frameworks/Kerberos.framework/Versions/A/Kerberos
0x0000000021f39000 	/System/Library/Frameworks/GSS.framework/Versions/A/GSS
0x0000000021f39000 	/usr/lib/libresolv.9.dylib
0x0000000021f39000 	/usr/lib/libiconv.2.dylib
0x0000000021f39000 	/System/Library/PrivateFrameworks/Heimdal.framework/Versions/A/Heimdal
0x0000000021f39000 	/usr/lib/libheimdal-asn1.dylib
0x0000000021f39000 	/System/Library/Frameworks/OpenDirectory.framework/Versions/A/OpenDirectory
0x0000000021f39000 	/System/Library/PrivateFrameworks/CommonAuth.framework/Versions/A/CommonAuth
0x0000000021f39000 	/System/Library/Frameworks/OpenDirectory.framework/Versions/A/Frameworks/CFOpenDirectory.framework/Versions/A/CFOpenDirectory
0x0000000021f39000 	/System/Library/Frameworks/SecurityFoundation.framework/Versions/A/SecurityFoundation
0x0000000021f39000 	/System/Library/PrivateFrameworks/APFS.framework/Versions/A/APFS
0x0000000021f39000 	/usr/lib/libutil.dylib
0x0000000021f39000 	/System/Library/PrivateFrameworks/AppleSauce.framework/Versions/A/AppleSauce
0x0000000021f39000 	/System/Library/PrivateFrameworks/LinguisticData.framework/Versions/A/LinguisticData
0x0000000021f39000 	/usr/lib/libmarisa.dylib
0x0000000021f39000 	/System/Library/PrivateFrameworks/Lexicon.framework/Versions/A/Lexicon
0x0000000021f39000 	/usr/lib/libChineseTokenizer.dylib
0x0000000021f39000 	/usr/lib/libcmph.dylib
0x0000000021f39000 	/System/Library/PrivateFrameworks/LanguageModeling.framework/Versions/A/LanguageModeling
0x0000000021f39000 	/System/Library/PrivateFrameworks/CoreEmoji.framework/Versions/A/CoreEmoji
0x0000000021f39000 	/System/Library/Frameworks/ServiceManagement.framework/Versions/A/ServiceManagement
0x0000000021f39000 	/System/Library/PrivateFrameworks/BackgroundTaskManagement.framework/Versions/A/BackgroundTaskManagement
0x0000000021f39000 	/usr/lib/libxslt.1.dylib
0x0000000021f39000 	/System/Library/Frameworks/Carbon.framework/Versions/A/Frameworks/Ink.framework/Versions/A/Ink
0x0000000021f39000 	/System/Library/PrivateFrameworks/TextureIO.framework/Versions/A/TextureIO
0x0000000021f39000 	/usr/lib/libate.dylib
0x0000000021f39000 	/System/Library/PrivateFrameworks/CrashReporterSupport.framework/Versions/A/CrashReporterSupport
0x0000000021f39000 	/System/Library/PrivateFrameworks/Sharing.framework/Versions/A/Sharing
0x0000000021f39000 	/System/Library/PrivateFrameworks/IconServices.framework/Versions/A/IconServices
0x0000000021f39000 	/System/Library/PrivateFrameworks/ProtocolBuffer.framework/Versions/A/ProtocolBuffer
0x0000000021f39000 	/System/Library/PrivateFrameworks/Apple80211.framework/Versions/A/Apple80211
0x0000000021f39000 	/System/Library/Frameworks/CoreWLAN.framework/Versions/A/CoreWLAN
0x0000000021f39000 	/System/Library/PrivateFrameworks/CoreUtils.framework/Versions/A/CoreUtils
0x0000000021f39000 	/System/Library/Frameworks/IOBluetooth.framework/Versions/A/IOBluetooth
0x0000000021f39000 	/System/Library/PrivateFrameworks/CoreWiFi.framework/Versions/A/CoreWiFi
0x0000000021f39000 	/System/Library/Frameworks/CoreBluetooth.framework/Versions/A/CoreBluetooth
0x0000000021f39000 	/System/Library/PrivateFrameworks/SignpostNotification.framework/Versions/A/SignpostNotification
0x0000000021f39000 	/System/Library/PrivateFrameworks/DebugSymbols.framework/Versions/A/DebugSymbols
0x0000000021f39000 	/System/Library/PrivateFrameworks/CoreSymbolication.framework/Versions/A/CoreSymbolication
0x0000000021f39000 	/System/Library/PrivateFrameworks/Symbolication.framework/Versions/A/Symbolication
0x0000000021f39000 	/System/Library/PrivateFrameworks/AppleFSCompression.framework/Versions/A/AppleFSCompression
0x0000000021f39000 	/System/Library/PrivateFrameworks/SpeechRecognitionCore.framework/Versions/A/SpeechRecognitionCore
0x0000000109c77000 	/Library/Java/JavaVirtualMachines/jdk1.8.0_51.jdk/Contents/Home/jre/lib/server/libjvm.dylib
0x0000000021f39000 	/usr/lib/libstdc++.6.0.9.dylib
0x000000010abe0000 	/Library/Java/JavaVirtualMachines/jdk1.8.0_51.jdk/Contents/Home/jre/lib/libverify.dylib
0x000000010b400000 	/Library/Java/JavaVirtualMachines/jdk1.8.0_51.jdk/Contents/Home/jre/lib/libjava.dylib
0x000000010b475000 	/Library/Java/JavaVirtualMachines/jdk1.8.0_51.jdk/Contents/Home/jre/lib/libzip.dylib
0x0000000021f39000 	/System/Library/Frameworks/JavaVM.framework/Versions/A/Frameworks/JavaRuntimeSupport.framework/Versions/A/JavaRuntimeSupport
0x0000000021f39000 	/System/Library/Frameworks/JavaVM.framework/Versions/A/Frameworks/JavaNativeFoundation.framework/Versions/A/JavaNativeFoundation
0x0000000021f39000 	/System/Library/Frameworks/JavaVM.framework/Versions/A/JavaVM
0x0000000021f39000 	/System/Library/Frameworks/Carbon.framework/Versions/A/Carbon
0x0000000021f39000 	/System/Library/PrivateFrameworks/JavaLaunching.framework/Versions/A/JavaLaunching
0x0000000021f39000 	/System/Library/Frameworks/Carbon.framework/Versions/A/Frameworks/CommonPanels.framework/Versions/A/CommonPanels
0x0000000021f39000 	/System/Library/Frameworks/Carbon.framework/Versions/A/Frameworks/Help.framework/Versions/A/Help
0x0000000021f39000 	/System/Library/Frameworks/Carbon.framework/Versions/A/Frameworks/ImageCapture.framework/Versions/A/ImageCapture
0x0000000021f39000 	/System/Library/Frameworks/Carbon.framework/Versions/A/Frameworks/OpenScripting.framework/Versions/A/OpenScripting
0x0000000021f39000 	/System/Library/Frameworks/Carbon.framework/Versions/A/Frameworks/Print.framework/Versions/A/Print
0x0000000021f39000 	/System/Library/Frameworks/Carbon.framework/Versions/A/Frameworks/SecurityHI.framework/Versions/A/SecurityHI
0x000000011376c000 	/Library/Java/JavaVirtualMachines/jdk1.8.0_51.jdk/Contents/Home/jre/lib/libawt.dylib
0x0000000113814000 	/Library/Java/JavaVirtualMachines/jdk1.8.0_51.jdk/Contents/Home/jre/lib/./libmlib_image.dylib
0x00000001138e0000 	/Library/Java/JavaVirtualMachines/jdk1.8.0_51.jdk/Contents/Home/jre/lib/libawt_lwawt.dylib
0x0000000113994000 	/Library/Java/JavaVirtualMachines/jdk1.8.0_51.jdk/Contents/Home/jre/lib/./libosxapp.dylib
0x0000000021f39000 	/System/Library/Frameworks/ExceptionHandling.framework/Versions/A/ExceptionHandling
0x0000000021f39000 	/System/Library/PrivateFrameworks/CoreServicesInternal.framework/Versions/A/CoreServicesInternal
0x0000000021f39000 	/System/Library/CoreServices/RawCamera.bundle/Contents/MacOS/RawCamera
0x0000000021f39000 	/System/Library/PrivateFrameworks/MobileAsset.framework/Versions/A/MobileAsset
0x0000000021f39000 	/System/Library/PrivateFrameworks/StreamingZip.framework/Versions/A/StreamingZip
0x0000000021f39000 	/System/Library/Frameworks/MediaToolbox.framework/Versions/A/MediaToolbox
0x0000000021f39000 	/System/Library/PrivateFrameworks/CoreAVCHD.framework/Versions/A/CoreAVCHD
0x0000000021f39000 	/System/Library/Frameworks/MediaAccessibility.framework/Versions/A/MediaAccessibility
0x0000000021f39000 	/System/Library/PrivateFrameworks/Mangrove.framework/Versions/A/Mangrove
0x0000000021f39000 	/System/Library/Frameworks/CoreMedia.framework/Versions/A/CoreMedia
0x0000000021f39000 	/System/Library/Frameworks/VideoToolbox.framework/Versions/A/VideoToolbox
0x0000000021f39000 	/System/Library/PrivateFrameworks/CoreAUC.framework/Versions/A/CoreAUC
0x0000000021f39000 	/usr/lib/libspindump.dylib
0x0000000021f39000 	/usr/lib/libdscsym.dylib
0x0000000021f39000 	/System/Library/PrivateFrameworks/AppleVA.framework/Versions/A/AppleVA
0x0000000021f39000 	/System/Library/Frameworks/Accelerate.framework/Versions/A/Frameworks/vImage.framework/Versions/A/Libraries/libCGInterfaces.dylib
0x0000000021f39000 	/System/Library/Frameworks/ApplicationServices.framework/Versions/A/Frameworks/ATS.framework/Versions/A/Resources/libTrueTypeScaler.dylib
0x0000000021f39000 	/System/Library/Frameworks/OpenGL.framework/Versions/A/Resources/GLEngine.bundle/GLEngine
0x0000000021f39000 	/System/Library/Frameworks/OpenGL.framework/Versions/A/Libraries/libGLProgrammability.dylib
0x0000000115ca3000 	/System/Library/Extensions/AppleIntelHD5000GraphicsGLDriver.bundle/Contents/MacOS/AppleIntelHD5000GraphicsGLDriver
0x0000000021f39000 	/System/Library/PrivateFrameworks/GPUSupport.framework/Versions/A/Libraries/libGPUSupportMercury.dylib
0x0000000021f39000 	/System/Library/Frameworks/OpenGL.framework/Versions/A/Resources/GLRendererFloat.bundle/GLRendererFloat
0x0000000021f39000 	/System/Library/Frameworks/OpenCL.framework/Versions/A/Libraries/libcldcpuengine.dylib
0x0000000021f39000 	/usr/lib/libcrypto.35.dylib
0x0000000021f39000 	/System/Library/PrivateFrameworks/TrustEvaluationAgent.framework/Versions/A/TrustEvaluationAgent
0x0000000021f39000 	/System/Library/Extensions/AppleIntelHD5000GraphicsMTLDriver.bundle/Contents/MacOS/AppleIntelHD5000GraphicsMTLDriver
0x0000000021f39000 	/System/Library/PrivateFrameworks/GPUCompiler.framework/Versions/3802/Libraries/libmetal_timestamp.dylib
0x0000000021f39000 	/System/Library/PrivateFrameworks/FamilyControls.framework/Versions/A/FamilyControls
0x0000000021f39000 	/System/Library/PrivateFrameworks/CommerceKit.framework/Versions/A/Frameworks/CommerceCore.framework/Versions/A/CommerceCore
0x0000000021f39000 	/System/Library/PrivateFrameworks/SystemAdministration.framework/Versions/A/SystemAdministration
0x0000000021f39000 	/System/Library/PrivateFrameworks/AppContainer.framework/Versions/A/AppContainer
0x0000000021f39000 	/System/Library/PrivateFrameworks/SecCodeWrapper.framework/Versions/A/SecCodeWrapper
0x0000000021f39000 	/System/Library/PrivateFrameworks/DiskManagement.framework/Versions/A/DiskManagement
0x0000000021f39000 	/System/Library/Frameworks/DirectoryService.framework/Versions/A/DirectoryService
0x0000000021f39000 	/System/Library/PrivateFrameworks/DiskImages.framework/Versions/A/DiskImages
0x0000000021f39000 	/System/Library/PrivateFrameworks/LoginUIKit.framework/Versions/A/Frameworks/LoginUICore.framework/Versions/A/LoginUICore
0x0000000021f39000 	/usr/lib/libCoreStorage.dylib
0x0000000021f39000 	/usr/lib/libcsfde.dylib
0x0000000021f39000 	/usr/lib/libodfde.dylib
0x0000000021f39000 	/System/Library/PrivateFrameworks/MediaKit.framework/Versions/A/MediaKit
0x0000000021f39000 	/System/Library/Frameworks/DiscRecording.framework/Versions/A/DiscRecording
0x0000000021f39000 	/System/Library/PrivateFrameworks/EFILogin.framework/Versions/A/EFILogin
0x0000000021f39000 	/System/Library/PrivateFrameworks/ProtectedCloudStorage.framework/Versions/A/ProtectedCloudStorage
0x0000000021f39000 	/usr/lib/libcurl.4.dylib
0x0000000021f39000 	/usr/lib/libssl.35.dylib
0x0000000021f39000 	/System/Library/Frameworks/LDAP.framework/Versions/A/LDAP
0x0000000021f39000 	/usr/lib/libsasl2.2.dylib
0x0000000021f39000 	/System/Library/PrivateFrameworks/CoreDaemon.framework/Versions/B/CoreDaemon
0x0000000021f39000 	/System/Library/PrivateFrameworks/AppleSRP.framework/Versions/A/AppleSRP
0x000000012608a000 	/Library/Java/JavaVirtualMachines/jdk1.8.0_51.jdk/Contents/Home/jre/lib/libfontmanager.dylib
0x00000001274b5000 	/Library/Java/JavaVirtualMachines/jdk1.8.0_51.jdk/Contents/Home/jre/lib/libosxui.dylib
0x00000001283e2000 	/Library/Java/JavaVirtualMachines/jdk1.8.0_51.jdk/Contents/Home/jre/lib/libnet.dylib
0x00000001283f9000 	/Library/Java/JavaVirtualMachines/jdk1.8.0_51.jdk/Contents/Home/jre/lib/libnio.dylib
0x00000001288bc000 	/Users/SarahAllen/Documents/Honors Thesis/SimpleOpenNI/library/libSimpleOpenNI.jnilib
0x000000012890f000 	/Users/SarahAllen/Documents/Honors Thesis/SimpleOpenNI/library/./osx/libboost_thread-mt.dylib
0x0000000114c53000 	/Users/SarahAllen/Documents/Honors Thesis/SimpleOpenNI/library/./osx/libboost_system-mt.dylib
0x000000012893a000 	/Users/SarahAllen/Documents/Honors Thesis/SimpleOpenNI/library/./osx/libOpenNI2.dylib
0x000000012c27b000 	/Users/SarahAllen/Documents/Honors Thesis/SimpleOpenNI/library/./osx/libNiTE2.dylib
0x0000000114b99000 	/Users/SarahAllen/Documents/Honors Thesis/SimpleOpenNI/library/osx/OpenNI2/Drivers/libFreenectDriver.dylib
0x0000000114bb3000 	/Users/SarahAllen/Documents/Honors Thesis/SimpleOpenNI/library/osx/OpenNI2/Drivers/./libfreenect.0.1.2.dylib
0x0000000114bbe000 	/Users/SarahAllen/Documents/Honors Thesis/SimpleOpenNI/library/osx/OpenNI2/Drivers/././libusb-1.0.0.dylib
0x0000000114bd1000 	/System/Library/Extensions/IOUSBFamily.kext/Contents/PlugIns/IOUSBLib.bundle/Contents/MacOS/IOUSBLib
0x00000001289c3000 	/Users/SarahAllen/Documents/Honors Thesis/SimpleOpenNI/library/osx/OpenNI2/Drivers/libOniFile.dylib

VM Arguments:
jvm_args: -Djava.library.path=/Users/SarahAllen/Documents/Honors Thesis/LeapDeveloperKit_2.3.1+31549_mac/LeapSDK/lib -Djava.security.policy=java.policy.applet -Dfile.encoding=UTF-8 
java_command: sun.applet.AppletViewer edu.elon.kinect.BodyMovement1518034194917.html
java_class_path (initial): /Users/SarahAllen/Documents/Honors Thesis/ProgramInterface/bin:/Users/SarahAllen/Documents/Honors Thesis/controlp5-master.zip:/Users/SarahAllen/Documents/Honors Thesis/controlP5-2.2.5/controlP5/library/controlP5.jar:/Users/SarahAllen/Documents/Honors Thesis/LeapDeveloperKit_2.3.1+31549_mac/LeapSDK/lib/LeapJava.jar:/Users/SarahAllen/Documents/Honors Thesis/Processing 2.app/Contents/Java/core.jar:/Users/SarahAllen/Documents/Honors Thesis/Processing 2.app/Contents/Java/core/library/gluegen-rt-natives-linux-amd64.jar:/Users/SarahAllen/Documents/Honors Thesis/Processing 2.app/Contents/Java/core/library/gluegen-rt-natives-linux-armv6hf.jar:/Users/SarahAllen/Documents/Honors Thesis/Processing 2.app/Contents/Java/core/library/gluegen-rt-natives-linux-i586.jar:/Users/SarahAllen/Documents/Honors Thesis/Processing 2.app/Contents/Java/core/library/gluegen-rt-natives-macosx-universal.jar:/Users/SarahAllen/Documents/Honors Thesis/Processing 2.app/Contents/Java/core/library/gluegen-rt-natives-windows-amd64.jar:/Users/SarahAllen/Documents/Honors Thesis/Processing 2.app/Contents/Java/core/library/gluegen-rt-natives-windows-i586.jar:/Users/SarahAllen/Documents/Honors Thesis/Processing 2.app/Contents/Java/core/library/gluegen-rt.jar:/Users/SarahAllen/Documents/Honors Thesis/Processing 2.app/Contents/Java/core/library/jogl-all-natives-linux-amd64.jar:/Users/SarahAllen/Documents/Honors Thesis/Processing 2.app/Contents/Java/core/library/jogl-all-natives-linux-armv6hf.jar:/Users/SarahAllen/Documents/Honors Thesis/Processing 2.app/Contents/Java/core/library/jogl-all-natives-linux-i586.jar:/Users/SarahAllen/Documents/Honors Thesis/Processing 2.app/Contents/Java/core/library/jogl-all-natives-macosx-universal.jar:/Users/SarahAllen/Documents/Honors Thesis/Processing 2.app/Contents/Java/core/library/jogl-all-natives-windows-amd64.jar:/Users/SarahAllen/Documents/Honors Thesis/Processing 2.app/Contents/Java/core/library/jogl-all-natives-windows-i586.jar:/Users/SarahAl
Launcher Type: SUN_STANDARD

Environment Variables:
PATH=/usr/bin:/bin:/usr/sbin:/sbin
SHELL=/bin/bash
DISPLAY=/private/tmp/com.apple.launchd.E8ALzNYO9g/org.macosforge.xquartz:0

Signal Handlers:
SIGSEGV: [libjvm.dylib+0x58ef35], sa_mask[0]=11111111011111110111111111111111, sa_flags=SA_ONSTACK|SA_RESTART|SA_SIGINFO
SIGBUS: [libjvm.dylib+0x58ef35], sa_mask[0]=11111111011111110111111111111111, sa_flags=SA_RESTART|SA_SIGINFO
SIGFPE: [libjvm.dylib+0x46c028], sa_mask[0]=11111111011111110111111111111111, sa_flags=SA_RESTART|SA_SIGINFO
SIGPIPE: [libjvm.dylib+0x46c028], sa_mask[0]=11111111011111110111111111111111, sa_flags=SA_RESTART|SA_SIGINFO
SIGXFSZ: [libjvm.dylib+0x46c028], sa_mask[0]=11111111011111110111111111111111, sa_flags=SA_RESTART|SA_SIGINFO
SIGILL: [libjvm.dylib+0x46c028], sa_mask[0]=11111111011111110111111111111111, sa_flags=SA_RESTART|SA_SIGINFO
SIGUSR1: SIG_DFL, sa_mask[0]=00000000000000000000000000000000, sa_flags=none
SIGUSR2: [libjvm.dylib+0x46bb46], sa_mask[0]=00100000000000000000000000000000, sa_flags=SA_RESTART|SA_SIGINFO
SIGHUP: [libjvm.dylib+0x46a119], sa_mask[0]=11111111011111110111111111111111, sa_flags=SA_RESTART|SA_SIGINFO
SIGINT: [libjvm.dylib+0x46a119], sa_mask[0]=11111111011111110111111111111111, sa_flags=SA_RESTART|SA_SIGINFO
SIGTERM: [libjvm.dylib+0x46a119], sa_mask[0]=11111111011111110111111111111111, sa_flags=SA_RESTART|SA_SIGINFO
SIGQUIT: [libjvm.dylib+0x46a119], sa_mask[0]=11111111011111110111111111111111, sa_flags=SA_RESTART|SA_SIGINFO


---------------  S Y S T E M  ---------------

OS:Bsduname:Darwin 17.4.0 Darwin Kernel Version 17.4.0: Sun Dec 17 09:19:54 PST 2017; root:xnu-4570.41.2~1/RELEASE_X86_64 x86_64
rlimit: STACK 8192k, CORE 0k, NPROC 709, NOFILE 10240, AS infinity
load average:1.96 2.22 2.24

CPU:total 4 (2 cores per cpu, 2 threads per core) family 6 model 69 stepping 1, cmov, cx8, fxsr, mmx, sse, sse2, sse3, ssse3, sse4.1, sse4.2, popcnt, avx, avx2, aes, clmul, erms, lzcnt, ht, tsc, tscinvbit, bmi1, bmi2

Memory: 4k page, physical 8388608k(25048k free)

/proc/meminfo:


vm_info: Java HotSpot(TM) 64-Bit Server VM (25.51-b03) for bsd-amd64 JRE (1.8.0_51-b16), built on Jun  8 2015 18:01:11 by "java_re" with gcc 4.2.1 (Based on Apple Inc. build 5658) (LLVM build 2336.11.00)

time: Wed Feb  7 15:09:59 2018
elapsed time: 4 seconds (0d 0h 0m 4s)

